<?xml version="1.0" encoding="UTF-8" ?>
<testsuite errors="0" failures="0" hostname="YanyandeAir" name="ui.LoginTest" skipped="0" tests="5" time="7.242" timestamp="2022-12-12T03:45:55">
  <properties>
    <property name="libs.spring-framework300.classpath" value="/Applications/NetBeans/Apache NetBeans 15.app/Contents/Resources/NetBeans/netbeans/platform/modules/org-apache-commons-logging.jar:/Applications/NetBeans/Apache NetBeans 15.app/Contents/Resources/NetBeans/netbeans/java/modules/ext/cglib-2.2.jar:/Applications/NetBeans/Apache NetBeans 15.app/Contents/Resources/NetBeans/netbeans/java/modules/ext/spring-3.0/spring-aop-3.2.18.RELEASE.jar:/Applications/NetBeans/Apache NetBeans 15.app/Contents/Resources/NetBeans/netbeans/java/modules/ext/spring-3.0/spring-aspects-3.2.18.RELEASE.jar:/Applications/NetBeans/Apache NetBeans 15.app/Contents/Resources/NetBeans/netbeans/java/modules/ext/spring-3.0/spring-beans-3.2.18.RELEASE.jar:/Applications/NetBeans/Apache NetBeans 15.app/Contents/Resources/NetBeans/netbeans/java/modules/ext/spring-3.0/spring-context-3.2.18.RELEASE.jar:/Applications/NetBeans/Apache NetBeans 15.app/Contents/Resources/NetBeans/netbeans/java/modules/ext/spring-3.0/spring-context-support-3.2.18.RELEASE.jar:/Applications/NetBeans/Apache NetBeans 15.app/Contents/Resources/NetBeans/netbeans/java/modules/ext/spring-3.0/spring-core-3.2.18.RELEASE.jar:/Applications/NetBeans/Apache NetBeans 15.app/Contents/Resources/NetBeans/netbeans/java/modules/ext/spring-3.0/spring-expression-3.2.18.RELEASE.jar:/Applications/NetBeans/Apache NetBeans 15.app/Contents/Resources/NetBeans/netbeans/java/modules/ext/spring-3.0/spring-instrument-3.2.18.RELEASE.jar:/Applications/NetBeans/Apache NetBeans 15.app/Contents/Resources/NetBeans/netbeans/java/modules/ext/spring-3.0/spring-instrument-tomcat-3.2.18.RELEASE.jar:/Applications/NetBeans/Apache NetBeans 15.app/Contents/Resources/NetBeans/netbeans/java/modules/ext/spring-3.0/spring-jdbc-3.2.18.RELEASE.jar:/Applications/NetBeans/Apache NetBeans 15.app/Contents/Resources/NetBeans/netbeans/java/modules/ext/spring-3.0/spring-jms-3.2.18.RELEASE.jar:/Applications/NetBeans/Apache NetBeans 15.app/Contents/Resources/NetBeans/netbeans/java/modules/ext/spring-3.0/spring-orm-3.2.18.RELEASE.jar:/Applications/NetBeans/Apache NetBeans 15.app/Contents/Resources/NetBeans/netbeans/java/modules/ext/spring-3.0/spring-oxm-3.2.18.RELEASE.jar:/Applications/NetBeans/Apache NetBeans 15.app/Contents/Resources/NetBeans/netbeans/java/modules/ext/spring-3.0/spring-struts-3.2.18.RELEASE.jar:/Applications/NetBeans/Apache NetBeans 15.app/Contents/Resources/NetBeans/netbeans/java/modules/ext/spring-3.0/spring-test-3.2.18.RELEASE.jar:/Applications/NetBeans/Apache NetBeans 15.app/Contents/Resources/NetBeans/netbeans/java/modules/ext/spring-3.0/spring-tx-3.2.18.RELEASE.jar:/Applications/NetBeans/Apache NetBeans 15.app/Contents/Resources/NetBeans/netbeans/java/modules/ext/spring-3.0/spring-web-3.2.18.RELEASE.jar:/Applications/NetBeans/Apache NetBeans 15.app/Contents/Resources/NetBeans/netbeans/java/modules/ext/spring-3.0/spring-webmvc-3.2.18.RELEASE.jar:/Applications/NetBeans/Apache NetBeans 15.app/Contents/Resources/NetBeans/netbeans/java/modules/ext/spring-3.0/spring-webmvc-portlet-3.2.18.RELEASE.jar" />
    <property name="javac.test.classpath" value="/Users/yanyanchen/Desktop/DiseaseControl/lib/absolutelayout/AbsoluteLayout.jar:..\..\..\..\jar\jxmapviewer2-2.6.jar:..\..\..\..\jar\jakarta.activation-1.2.1.jar:..\..\..\..\jar\jakarta.mail-1.6.7.jar:..\..\..\..\..\Downloads\jxbrowser-7.28.1-cross-desktop-win_mac_linux\lib\jxbrowser-7.28.1.jar:..\..\..\..\..\Downloads\jxbrowser-7.28.1-cross-desktop-win_mac_linux\lib\jxbrowser-javafx-7.28.1.jar:..\..\..\..\..\Downloads\jxbrowser-7.28.1-cross-desktop-win_mac_linux\lib\jxbrowser-swing-7.28.1.jar:..\..\..\..\mysql-connector-java-8.0.30.jar:..\..\..\..\jar\commons-logging-1.2-bin\commons-logging-1.2\commons-logging-1.2.jar:..\..\..\..\jar\itextpdf-5.4.0.jar:..\..\..\..\jar\jfreechart-1.0.19.jar:..\..\..\..\jar\jcommon-1.0.23.jar:..\..\..\..\jar\jcalendar-1.4.jar:../JAR FILE/commons-logging-1.2.jar:../JAR FILE/itextpdf-5.4.0.jar:../JAR FILE/jakarta.activation-1.2.1.jar:../JAR FILE/jakarta.mail-1.6.7.jar:../JAR FILE/jcalendar-1.4.jar:../JAR FILE/jcommon-1.0.23.jar:../JAR FILE/jfreechart-1.0.19.jar:../JAR FILE/jxbrowser-7.28.1.jar:../JAR FILE/jxbrowser-javafx-7.28.1.jar:../JAR FILE/jxbrowser-mac-7.28.1.jar:../JAR FILE/jxbrowser-mac-arm-7.28.1.jar:../JAR FILE/jxbrowser-swing-7.28.1.jar:../JAR FILE/jxbrowser-swt-7.28.1.jar:../JAR FILE/jxmapviewer2-2.6.jar:../JAR FILE/mysql-connector-java-8.0.30.jar:../../../../Desktop/JAR FILE/commons-logging-1.2.jar:../../../../Desktop/JAR FILE/itextpdf-5.4.0.jar:../../../../Desktop/JAR FILE/jakarta.activation-1.2.1.jar:../../../../Desktop/JAR FILE/jakarta.mail-1.6.7.jar:../../../../Desktop/JAR FILE/jcalendar-1.4.jar:../../../../Desktop/JAR FILE/jcommon-1.0.23.jar:../../../../Desktop/JAR FILE/jfreechart-1.0.19.jar:../../../../Desktop/JAR FILE/jxbrowser-7.28.1.jar:../../../../Desktop/JAR FILE/jxbrowser-javafx-7.28.1.jar:../../../../Desktop/JAR FILE/jxbrowser-mac-7.28.1.jar:../../../../Desktop/JAR FILE/jxbrowser-mac-arm-7.28.1.jar:../../../../Desktop/JAR FILE/jxbrowser-swing-7.28.1.jar:../../../../Desktop/JAR FILE/jxbrowser-swt-7.28.1.jar:../../../../Desktop/JAR FILE/jxmapviewer2-2.6.jar:../../../../Desktop/JAR FILE/mysql-connector-java-8.0.30.jar:build/classes:/Users/yanyanchen/Desktop/DiseaseControl/lib/junit_4-2/junit-4.13.2.jar:/Users/yanyanchen/Desktop/DiseaseControl/lib/hamcrest-2/hamcrest-core-1.3.jar" />
    <property name="java.specification.version" value="18" />
    <property name="libs.spring-framework500.classpath" value="/Applications/NetBeans/Apache NetBeans 15.app/Contents/Resources/NetBeans/netbeans/platform/modules/org-apache-commons-logging.jar:/Applications/NetBeans/Apache NetBeans 15.app/Contents/Resources/NetBeans/netbeans/java/modules/ext/cglib-2.2.jar:/Applications/NetBeans/Apache NetBeans 15.app/Contents/Resources/NetBeans/netbeans/java/modules/ext/spring-5/spring-aop-5.2.9.RELEASE.jar:/Applications/NetBeans/Apache NetBeans 15.app/Contents/Resources/NetBeans/netbeans/java/modules/ext/spring-5/spring-aspects-5.2.9.RELEASE.jar:/Applications/NetBeans/Apache NetBeans 15.app/Contents/Resources/NetBeans/netbeans/java/modules/ext/spring-5/spring-beans-5.2.9.RELEASE.jar:/Applications/NetBeans/Apache NetBeans 15.app/Contents/Resources/NetBeans/netbeans/java/modules/ext/spring-5/spring-context-5.2.9.RELEASE.jar:/Applications/NetBeans/Apache NetBeans 15.app/Contents/Resources/NetBeans/netbeans/java/modules/ext/spring-5/spring-context-indexer-5.2.9.RELEASE.jar:/Applications/NetBeans/Apache NetBeans 15.app/Contents/Resources/NetBeans/netbeans/java/modules/ext/spring-5/spring-context-support-5.2.9.RELEASE.jar:/Applications/NetBeans/Apache NetBeans 15.app/Contents/Resources/NetBeans/netbeans/java/modules/ext/spring-5/spring-core-5.2.9.RELEASE.jar:/Applications/NetBeans/Apache NetBeans 15.app/Contents/Resources/NetBeans/netbeans/java/modules/ext/spring-5/spring-expression-5.2.9.RELEASE.jar:/Applications/NetBeans/Apache NetBeans 15.app/Contents/Resources/NetBeans/netbeans/java/modules/ext/spring-5/spring-instrument-5.2.9.RELEASE.jar:/Applications/NetBeans/Apache NetBeans 15.app/Contents/Resources/NetBeans/netbeans/java/modules/ext/spring-5/spring-jcl-5.2.9.RELEASE.jar:/Applications/NetBeans/Apache NetBeans 15.app/Contents/Resources/NetBeans/netbeans/java/modules/ext/spring-5/spring-jdbc-5.2.9.RELEASE.jar:/Applications/NetBeans/Apache NetBeans 15.app/Contents/Resources/NetBeans/netbeans/java/modules/ext/spring-5/spring-jms-5.2.9.RELEASE.jar:/Applications/NetBeans/Apache NetBeans 15.app/Contents/Resources/NetBeans/netbeans/java/modules/ext/spring-5/spring-messaging-5.2.9.RELEASE.jar:/Applications/NetBeans/Apache NetBeans 15.app/Contents/Resources/NetBeans/netbeans/java/modules/ext/spring-5/spring-orm-5.2.9.RELEASE.jar:/Applications/NetBeans/Apache NetBeans 15.app/Contents/Resources/NetBeans/netbeans/java/modules/ext/spring-5/spring-oxm-5.2.9.RELEASE.jar:/Applications/NetBeans/Apache NetBeans 15.app/Contents/Resources/NetBeans/netbeans/java/modules/ext/spring-5/spring-test-5.2.9.RELEASE.jar:/Applications/NetBeans/Apache NetBeans 15.app/Contents/Resources/NetBeans/netbeans/java/modules/ext/spring-5/spring-tx-5.2.9.RELEASE.jar:/Applications/NetBeans/Apache NetBeans 15.app/Contents/Resources/NetBeans/netbeans/java/modules/ext/spring-5/spring-web-5.2.9.RELEASE.jar:/Applications/NetBeans/Apache NetBeans 15.app/Contents/Resources/NetBeans/netbeans/java/modules/ext/spring-5/spring-webflux-5.2.9.RELEASE.jar:/Applications/NetBeans/Apache NetBeans 15.app/Contents/Resources/NetBeans/netbeans/java/modules/ext/spring-5/spring-webmvc-5.2.9.RELEASE.jar:/Applications/NetBeans/Apache NetBeans 15.app/Contents/Resources/NetBeans/netbeans/java/modules/ext/spring-5/spring-websocket-5.2.9.RELEASE.jar" />
    <property name="jar.index.metainf" value="false" />
    <property name="file.reference.jxbrowser-javafx-7.28.1.jar" value="..\..\..\..\..\Downloads\jxbrowser-7.28.1-cross-desktop-win_mac_linux\lib\jxbrowser-javafx-7.28.1.jar" />
    <property name="libs.spring-framework400.classpath" value="/Applications/NetBeans/Apache NetBeans 15.app/Contents/Resources/NetBeans/netbeans/platform/modules/org-apache-commons-logging.jar:/Applications/NetBeans/Apache NetBeans 15.app/Contents/Resources/NetBeans/netbeans/java/modules/ext/cglib-2.2.jar:/Applications/NetBeans/Apache NetBeans 15.app/Contents/Resources/NetBeans/netbeans/java/modules/ext/spring-4/spring-aop-4.3.29.RELEASE.jar:/Applications/NetBeans/Apache NetBeans 15.app/Contents/Resources/NetBeans/netbeans/java/modules/ext/spring-4/spring-aspects-4.3.29.RELEASE.jar:/Applications/NetBeans/Apache NetBeans 15.app/Contents/Resources/NetBeans/netbeans/java/modules/ext/spring-4/spring-beans-4.3.29.RELEASE.jar:/Applications/NetBeans/Apache NetBeans 15.app/Contents/Resources/NetBeans/netbeans/java/modules/ext/spring-4/spring-context-4.3.29.RELEASE.jar:/Applications/NetBeans/Apache NetBeans 15.app/Contents/Resources/NetBeans/netbeans/java/modules/ext/spring-4/spring-context-support-4.3.29.RELEASE.jar:/Applications/NetBeans/Apache NetBeans 15.app/Contents/Resources/NetBeans/netbeans/java/modules/ext/spring-4/spring-core-4.3.29.RELEASE.jar:/Applications/NetBeans/Apache NetBeans 15.app/Contents/Resources/NetBeans/netbeans/java/modules/ext/spring-4/spring-expression-4.3.29.RELEASE.jar:/Applications/NetBeans/Apache NetBeans 15.app/Contents/Resources/NetBeans/netbeans/java/modules/ext/spring-4/spring-instrument-4.3.29.RELEASE.jar:/Applications/NetBeans/Apache NetBeans 15.app/Contents/Resources/NetBeans/netbeans/java/modules/ext/spring-4/spring-instrument-tomcat-4.3.29.RELEASE.jar:/Applications/NetBeans/Apache NetBeans 15.app/Contents/Resources/NetBeans/netbeans/java/modules/ext/spring-4/spring-jdbc-4.3.29.RELEASE.jar:/Applications/NetBeans/Apache NetBeans 15.app/Contents/Resources/NetBeans/netbeans/java/modules/ext/spring-4/spring-jms-4.3.29.RELEASE.jar:/Applications/NetBeans/Apache NetBeans 15.app/Contents/Resources/NetBeans/netbeans/java/modules/ext/spring-4/spring-messaging-4.3.29.RELEASE.jar:/Applications/NetBeans/Apache NetBeans 15.app/Contents/Resources/NetBeans/netbeans/java/modules/ext/spring-4/spring-orm-4.3.29.RELEASE.jar:/Applications/NetBeans/Apache NetBeans 15.app/Contents/Resources/NetBeans/netbeans/java/modules/ext/spring-4/spring-oxm-4.3.29.RELEASE.jar:/Applications/NetBeans/Apache NetBeans 15.app/Contents/Resources/NetBeans/netbeans/java/modules/ext/spring-4/spring-test-4.3.29.RELEASE.jar:/Applications/NetBeans/Apache NetBeans 15.app/Contents/Resources/NetBeans/netbeans/java/modules/ext/spring-4/spring-tx-4.3.29.RELEASE.jar:/Applications/NetBeans/Apache NetBeans 15.app/Contents/Resources/NetBeans/netbeans/java/modules/ext/spring-4/spring-web-4.3.29.RELEASE.jar:/Applications/NetBeans/Apache NetBeans 15.app/Contents/Resources/NetBeans/netbeans/java/modules/ext/spring-4/spring-webmvc-4.3.29.RELEASE.jar:/Applications/NetBeans/Apache NetBeans 15.app/Contents/Resources/NetBeans/netbeans/java/modules/ext/spring-4/spring-webmvc-portlet-4.3.29.RELEASE.jar:/Applications/NetBeans/Apache NetBeans 15.app/Contents/Resources/NetBeans/netbeans/java/modules/ext/spring-4/spring-websocket-4.3.29.RELEASE.jar" />
    <property name="libs.spring-webmvc4.0.javadoc" value="" />
    <property name="test.binaryincludes" value="&lt;nothing&gt;" />
    <property name="debug-transport" value="dt_socket" />
    <property name="do.jlink" value="false" />
    <property name="libs.javaee-web-api-8.0.src" value="" />
    <property name="java.vendor.url" value="https://java.oracle.com/" />
    <property name="debug.modulepath" value="" />
    <property name="libs.jsp-compilation.src" value="" />
    <property name="file.reference.jakarta.mail-1.6.7.jar" value="../JAR FILE/jakarta.mail-1.6.7.jar" />
    <property name="libs.eclipselink.javadoc" value="/Applications/NetBeans/Apache NetBeans 15.app/Contents/Resources/NetBeans/netbeans/java/modules/ext/docs/jakarta.persistence-2.2.3-doc.zip" />
    <property name="file.reference.jakarta.mail-1.6.7.jar-2" value="../../../../Desktop/JAR FILE/jakarta.mail-1.6.7.jar" />
    <property name="file.reference.jakarta.mail-1.6.7.jar-1" value="..\..\..\..\jar\jakarta.mail-1.6.7.jar" />
    <property name="libs.JWSAntTasks.javadoc" value="" />
    <property name="sun.boot.library.path" value="/Users/yanyanchen/Library/Java/JavaVirtualMachines/openjdk-18.0.2.1/Contents/Home/lib" />
    <property name="sun.java.command" value="org.apache.tools.ant.taskdefs.optional.junit.JUnitTestRunner ui.LoginTest skipNonTests=false filtertrace=true haltOnError=false haltOnFailure=false showoutput=true outputtoformatters=true logfailedtests=true threadid=0 logtestlistenerevents=true formatter=org.apache.tools.ant.taskdefs.optional.junit.BriefJUnitResultFormatter formatter=org.apache.tools.ant.taskdefs.optional.junit.XMLJUnitResultFormatter,/Users/yanyanchen/Desktop/DiseaseControl/build/test/results/TEST-ui.LoginTest.xml crashfile=/Users/yanyanchen/Desktop/DiseaseControl/build/junitvmwatcher14350623269070902683.properties propsfile=/Users/yanyanchen/Desktop/DiseaseControl/build/junit2916313394732592520.properties" />
    <property name="jdk.debug" value="release" />
    <property name="libs.spring-framework300.src" value="" />
    <property name="javadoc.use" value="true" />
    <property name="javadoc.notree" value="false" />
    <property name="libs.CopyLibs.displayName" value="CopyLibs Task" />
    <property name="basedir" value="/Users/yanyanchen/Desktop/DiseaseControl" />
    <property name="application.vendor" value="yanyanchen" />
    <property name="java.specification.name" value="Java Platform API Specification" />
    <property name="java.vm.specification.vendor" value="Oracle Corporation" />
    <property name="file.reference.jfreechart-1.0.19.jar-1" value="../JAR FILE/jfreechart-1.0.19.jar" />
    <property name="libs.jsf20.classpath" value="/Applications/NetBeans/Apache NetBeans 15.app/Contents/Resources/NetBeans/netbeans/enterprise/modules/ext/jsf-2_2/javax.faces.jar" />
    <property name="file.reference.jfreechart-1.0.19.jar-2" value="../../../../Desktop/JAR FILE/jfreechart-1.0.19.jar" />
    <property name="netbeans.extbrowser.manual_chrome_plugin_install" value="yes" />
    <property name="libs.spring-framework500.javadoc" value="" />
    <property name="netbeans.default_userdir_root" value="/Users/yanyanchen/Library/Application Support/NetBeans" />
    <property name="file.reference.jxmapviewer2-2.6.jar-2" value="../../../../Desktop/JAR FILE/jxmapviewer2-2.6.jar" />
    <property name="libs.jsp-compilation-syscp.src" value="" />
    <property name="file.reference.jxmapviewer2-2.6.jar-1" value="../JAR FILE/jxmapviewer2-2.6.jar" />
    <property name="jdk.home" value="/Users/yanyanchen/Library/Java/JavaVirtualMachines/openjdk-18.0.2.1/Contents/Home" />
    <property name="java.runtime.version" value="18.0.2.1+1-1" />
    <property name="libs.eclipselink.maven-pom" value="" />
    <property name="libs.hamcrest.displayName" value="Hamcrest 1.3" />
    <property name="libs.metro.maven-pom" value="" />
    <property name="libs.JAXB-ENDORSED.javadoc" value="" />
    <property name="sun.java2d.noddraw" value="true" />
    <property name="sun.zip.disableMemoryMapping" value="true" />
    <property name="jnidispatch.path" value="/Users/yanyanchen/Library/Caches/JNA/temp/jna15297453660109311261.tmp" />
    <property name="libs.primefaces.javadoc" value="" />
    <property name="libs.jsp-compilation.javadoc" value="" />
    <property name="libs.jsf12.src" value="" />
    <property name="file.reference.jakarta.activation-1.2.1.jar-1" value="..\..\..\..\jar\jakarta.activation-1.2.1.jar" />
    <property name="libs.groovy-all.maven-pom" value="" />
    <property name="libs.restapi.src" value="" />
    <property name="libs.junit_5.javadoc" value="/Applications/NetBeans/Apache NetBeans 15.app/Contents/Resources/NetBeans/netbeans/platform/docs/junit-jupiter-api-5.6.0-javadoc.jar:/Applications/NetBeans/Apache NetBeans 15.app/Contents/Resources/NetBeans/netbeans/platform/docs/junit-jupiter-params-5.6.0-javadoc.jar:/Applications/NetBeans/Apache NetBeans 15.app/Contents/Resources/NetBeans/netbeans/platform/docs/junit-jupiter-engine-5.6.0-javadoc.jar" />
    <property name="file.reference.jakarta.activation-1.2.1.jar-2" value="../../../../Desktop/JAR FILE/jakarta.activation-1.2.1.jar" />
    <property name="dist.archive.excludes" value="" />
    <property name="java.io.tmpdir" value="/var/folders/nb/vl9p1rmj1b7fswqp3d4brdq80000gn/T/" />
    <property name="java.version" value="18.0.2.1" />
    <property name="libraries.basename" value="nblibraries" />
    <property name="java.vm.specification.name" value="Java Virtual Machine Specification" />
    <property name="libs.jakartaee-api-8.0.javadoc" value="/Applications/NetBeans/Apache NetBeans 15.app/Contents/Resources/NetBeans/netbeans/enterprise/docs/jakartaee8-doc-api.jar" />
    <property name="native.encoding" value="UTF-8" />
    <property name="libs.hamcrest.src" value="" />
    <property name="java.library.path" value="/Users/yanyanchen/Library/Java/Extensions:/Library/Java/Extensions:/Network/Library/Java/Extensions:/System/Library/Java/Extensions:/usr/lib/java:." />
    <property name="java.vendor" value="Oracle Corporation" />
    <property name="libs.testng.javadoc" value="/Applications/NetBeans/Apache NetBeans 15.app/Contents/Resources/NetBeans/netbeans/platform/docs/testng-6.13.1-javadoc.jar" />
    <property name="libs.groovy-all.src" value="" />
    <property name="meta.inf.dir" value="src/META-INF" />
    <property name="run.upgrademodulepath" value="" />
    <property name="compile.on.save" value="false" />
    <property name="libs.testng.maven-pom" value="" />
    <property name="jlink.additionalparam" value="" />
    <property name="org.openide.version" value="deprecated" />
    <property name="test.includes" value="ui/LoginTest.java" />
    <property name="run.classpath" value="/Users/yanyanchen/Desktop/DiseaseControl/lib/absolutelayout/AbsoluteLayout.jar:..\..\..\..\jar\jxmapviewer2-2.6.jar:..\..\..\..\jar\jakarta.activation-1.2.1.jar:..\..\..\..\jar\jakarta.mail-1.6.7.jar:..\..\..\..\..\Downloads\jxbrowser-7.28.1-cross-desktop-win_mac_linux\lib\jxbrowser-7.28.1.jar:..\..\..\..\..\Downloads\jxbrowser-7.28.1-cross-desktop-win_mac_linux\lib\jxbrowser-javafx-7.28.1.jar:..\..\..\..\..\Downloads\jxbrowser-7.28.1-cross-desktop-win_mac_linux\lib\jxbrowser-swing-7.28.1.jar:..\..\..\..\mysql-connector-java-8.0.30.jar:..\..\..\..\jar\commons-logging-1.2-bin\commons-logging-1.2\commons-logging-1.2.jar:..\..\..\..\jar\itextpdf-5.4.0.jar:..\..\..\..\jar\jfreechart-1.0.19.jar:..\..\..\..\jar\jcommon-1.0.23.jar:..\..\..\..\jar\jcalendar-1.4.jar:../JAR FILE/commons-logging-1.2.jar:../JAR FILE/itextpdf-5.4.0.jar:../JAR FILE/jakarta.activation-1.2.1.jar:../JAR FILE/jakarta.mail-1.6.7.jar:../JAR FILE/jcalendar-1.4.jar:../JAR FILE/jcommon-1.0.23.jar:../JAR FILE/jfreechart-1.0.19.jar:../JAR FILE/jxbrowser-7.28.1.jar:../JAR FILE/jxbrowser-javafx-7.28.1.jar:../JAR FILE/jxbrowser-mac-7.28.1.jar:../JAR FILE/jxbrowser-mac-arm-7.28.1.jar:../JAR FILE/jxbrowser-swing-7.28.1.jar:../JAR FILE/jxbrowser-swt-7.28.1.jar:../JAR FILE/jxmapviewer2-2.6.jar:../JAR FILE/mysql-connector-java-8.0.30.jar:../../../../Desktop/JAR FILE/commons-logging-1.2.jar:../../../../Desktop/JAR FILE/itextpdf-5.4.0.jar:../../../../Desktop/JAR FILE/jakarta.activation-1.2.1.jar:../../../../Desktop/JAR FILE/jakarta.mail-1.6.7.jar:../../../../Desktop/JAR FILE/jcalendar-1.4.jar:../../../../Desktop/JAR FILE/jcommon-1.0.23.jar:../../../../Desktop/JAR FILE/jfreechart-1.0.19.jar:../../../../Desktop/JAR FILE/jxbrowser-7.28.1.jar:../../../../Desktop/JAR FILE/jxbrowser-javafx-7.28.1.jar:../../../../Desktop/JAR FILE/jxbrowser-mac-7.28.1.jar:../../../../Desktop/JAR FILE/jxbrowser-mac-arm-7.28.1.jar:../../../../Desktop/JAR FILE/jxbrowser-swing-7.28.1.jar:../../../../Desktop/JAR FILE/jxbrowser-swt-7.28.1.jar:../../../../Desktop/JAR FILE/jxmapviewer2-2.6.jar:../../../../Desktop/JAR FILE/mysql-connector-java-8.0.30.jar:build/classes" />
    <property name="ant.file.DiseaseControl" value="/Users/yanyanchen/Desktop/DiseaseControl/build.xml" />
    <property name="libs.jaxb.src" value="" />
    <property name="sun.awt.enableExtraMouseButtons" value="true" />
    <property name="test.src.dir" value="test" />
    <property name="org.openide.major.version" value="IDE/1" />
    <property name="libs.spring-framework300.javadoc" value="" />
    <property name="ap.proc.none.internal" value="" />
    <property name="org.openide.specification.version" value="6.2" />
    <property name="user.timezone" value="America/New_York" />
    <property name="jar.index" value="false" />
    <property name="libs.jpa20-persistence.classpath" value="/Applications/NetBeans/Apache NetBeans 15.app/Contents/Resources/NetBeans/netbeans/java/modules/ext/eclipselink/jakarta.persistence-2.2.3.jar" />
    <property name="libs.junit_5.classpath" value="/Applications/NetBeans/Apache NetBeans 15.app/Contents/Resources/NetBeans/netbeans/platform/modules/ext/junit-jupiter-api-5.6.0.jar:/Applications/NetBeans/Apache NetBeans 15.app/Contents/Resources/NetBeans/netbeans/platform/modules/ext/junit-jupiter-params-5.6.0.jar:/Applications/NetBeans/Apache NetBeans 15.app/Contents/Resources/NetBeans/netbeans/platform/modules/ext/junit-jupiter-engine-5.6.0.jar" />
    <property name="libs.eclipselinkmodelgen.javadoc" value="" />
    <property name="java.vm.specification.version" value="18" />
    <property name="javadoc.noindex" value="false" />
    <property name="javadoc.private" value="false" />
    <property name="libs.spring-webmvc4.0.maven-pom" value="" />
    <property name="libs.JAXB-ENDORSED.maven-pom" value="" />
    <property name="user.home" value="/Users/yanyanchen" />
    <property name="libs.eclipselinkmodelgen.maven-pom" value="" />
    <property name="have.sources" value="true" />
    <property name="annotation.processing.processors.list" value="" />
    <property name="javac.deprecation" value="false" />
    <property name="jlink.launcher" value="true" />
    <property name="libs.junit_4.prop-maven-dependencies" value="junit:junit:4.13.2:jar" />
    <property name="libs.junit_4.displayName" value="JUnit 4.13.2" />
    <property name="build.generated.sources.dir" value="build/generated-sources" />
    <property name="plugin.manager.check.updates" value="false" />
    <property name="netbeans.autoupdate.language" value="en" />
    <property name="file.reference.jxbrowser-mac-7.28.1.jar-1" value="../../../../Desktop/JAR FILE/jxbrowser-mac-7.28.1.jar" />
    <property name="build.compiler.emacs" value="true" />
    <property name="libs.eclipselinkmodelgen.src" value="" />
    <property name="build.classes.excludes" value="**/*.java,**/*.form" />
    <property name="dist.jar" value="dist/DiseaseControl.jar" />
    <property name="libs.jakartaee-web-api-9.0.classpath" value="/Applications/NetBeans/Apache NetBeans 15.app/Contents/Resources/NetBeans/netbeans/enterprise/modules/ext/jakarta.jakartaee-web-api-9.0.0.jar" />
    <property name="libs.spring-webmvc4.0.classpath" value="/Applications/NetBeans/Apache NetBeans 15.app/Contents/Resources/NetBeans/netbeans/java/modules/ext/spring-4/spring-webmvc-4.3.29.RELEASE.jar" />
    <property name="modules.supported.internal" value="true" />
    <property name="libs.javaee-endorsed-api-7.0.javadoc" value="/Applications/NetBeans/Apache NetBeans 15.app/Contents/Resources/NetBeans/netbeans/enterprise/docs/javaee-doc-api.jar" />
    <property name="os.version" value="12.3" />
    <property name="netbeans.home" value="/Applications/NetBeans/Apache NetBeans 15.app/Contents/Resources/NetBeans/netbeans/platform" />
    <property name="libs.CopyLibs.javadoc" value="" />
    <property name="debug-transport-by-os" value="dt_socket" />
    <property name="libs.jsf20.src" value="" />
    <property name="libs.javaee-api-8.0.javadoc" value="/Applications/NetBeans/Apache NetBeans 15.app/Contents/Resources/NetBeans/netbeans/enterprise/docs/javaee-doc-api.jar" />
    <property name="java.vm.name" value="OpenJDK 64-Bit Server VM" />
    <property name="unnamed.module.internal" value="true" />
    <property name="libs.jstl.javadoc" value="/Applications/NetBeans/Apache NetBeans 15.app/Contents/Resources/NetBeans/netbeans/enterprise/docs/javaee-doc-api.jar" />
    <property name="libs.javaee-endorsed-api-7.0.maven-pom" value="" />
    <property name="libs.jaxws21.classpath" value="/Applications/NetBeans/Apache NetBeans 15.app/Contents/Resources/NetBeans/netbeans/java/modules/ext/jaxws22/api/jakarta.jws-api.jar:/Applications/NetBeans/Apache NetBeans 15.app/Contents/Resources/NetBeans/netbeans/java/modules/ext/jaxws22/api/jakarta.xml.soap-api.jar:/Applications/NetBeans/Apache NetBeans 15.app/Contents/Resources/NetBeans/netbeans/java/modules/ext/jaxws22/api/jakarta.xml.ws-api.jar:/Applications/NetBeans/Apache NetBeans 15.app/Contents/Resources/NetBeans/netbeans/java/modules/ext/jaxws22/FastInfoset.jar:/Applications/NetBeans/Apache NetBeans 15.app/Contents/Resources/NetBeans/netbeans/java/modules/ext/jaxws22/gmbal-api-only.jar:/Applications/NetBeans/Apache NetBeans 15.app/Contents/Resources/NetBeans/netbeans/java/modules/ext/jaxws22/ha-api.jar:/Applications/NetBeans/Apache NetBeans 15.app/Contents/Resources/NetBeans/netbeans/java/modules/ext/jaxws22/jakarta.mail.jar:/Applications/NetBeans/Apache NetBeans 15.app/Contents/Resources/NetBeans/netbeans/java/modules/ext/jaxws22/jaxws-rt.jar:/Applications/NetBeans/Apache NetBeans 15.app/Contents/Resources/NetBeans/netbeans/java/modules/ext/jaxws22/jaxws-tools.jar:/Applications/NetBeans/Apache NetBeans 15.app/Contents/Resources/NetBeans/netbeans/java/modules/ext/jaxws22/management-api.jar:/Applications/NetBeans/Apache NetBeans 15.app/Contents/Resources/NetBeans/netbeans/java/modules/ext/jaxws22/mimepull.jar:/Applications/NetBeans/Apache NetBeans 15.app/Contents/Resources/NetBeans/netbeans/java/modules/ext/jaxws22/policy.jar:/Applications/NetBeans/Apache NetBeans 15.app/Contents/Resources/NetBeans/netbeans/java/modules/ext/jaxws22/saaj-impl.jar:/Applications/NetBeans/Apache NetBeans 15.app/Contents/Resources/NetBeans/netbeans/java/modules/ext/jaxws22/stax-ex.jar:/Applications/NetBeans/Apache NetBeans 15.app/Contents/Resources/NetBeans/netbeans/java/modules/ext/jaxws22/stax2-api.jar:/Applications/NetBeans/Apache NetBeans 15.app/Contents/Resources/NetBeans/netbeans/java/modules/ext/jaxws22/streambuffer.jar:/Applications/NetBeans/Apache NetBeans 15.app/Contents/Resources/NetBeans/netbeans/java/modules/ext/jaxws22/woodstox-core.jar:/Applications/NetBeans/Apache NetBeans 15.app/Contents/Resources/NetBeans/netbeans/ide/modules/ext/jaxb/api/jaxb-api.jar:/Applications/NetBeans/Apache NetBeans 15.app/Contents/Resources/NetBeans/netbeans/ide/modules/ext/jaxb/activation.jar:/Applications/NetBeans/Apache NetBeans 15.app/Contents/Resources/NetBeans/netbeans/ide/modules/ext/jaxb/jaxb-impl.jar:/Applications/NetBeans/Apache NetBeans 15.app/Contents/Resources/NetBeans/netbeans/ide/modules/ext/jaxb/jaxb-xjc.jar" />
    <property name="libs.restapi.classpath" value="/Applications/NetBeans/Apache NetBeans 15.app/Contents/Resources/NetBeans/netbeans/enterprise/modules/ext/jaxrs-2.1/jakarta.ws.rs-api-2.1.6.jar" />
    <property name="os.arch" value="aarch64" />
    <property name="build.generated.dir" value="build/generated" />
    <property name="libs.groovy-all.javadoc" value="" />
    <property name="libs.jakartaee-api-8.0.classpath" value="/Applications/NetBeans/Apache NetBeans 15.app/Contents/Resources/NetBeans/netbeans/enterprise/modules/ext/jakarta.jakartaee-api-8.0.0.jar" />
    <property name="libs.javaee-web-api-7.0.javadoc" value="/Applications/NetBeans/Apache NetBeans 15.app/Contents/Resources/NetBeans/netbeans/enterprise/docs/javaee-doc-api.jar" />
    <property name="libs.javaee-endorsed-api-6.0.src" value="" />
    <property name="libs.jsf12.maven-pom" value="" />
    <property name="libs.javaee-endorsed-api-7.0.classpath" value="/Applications/NetBeans/Apache NetBeans 15.app/Contents/Resources/NetBeans/netbeans/enterprise/modules/ext/javaee7-endorsed/javax.annotation-api.jar:/Applications/NetBeans/Apache NetBeans 15.app/Contents/Resources/NetBeans/netbeans/enterprise/modules/ext/javaee7-endorsed/javax.xml.soap-api.jar:/Applications/NetBeans/Apache NetBeans 15.app/Contents/Resources/NetBeans/netbeans/enterprise/modules/ext/javaee7-endorsed/jaxb-api-osgi.jar:/Applications/NetBeans/Apache NetBeans 15.app/Contents/Resources/NetBeans/netbeans/enterprise/modules/ext/javaee7-endorsed/jaxws-api.jar:/Applications/NetBeans/Apache NetBeans 15.app/Contents/Resources/NetBeans/netbeans/enterprise/modules/ext/javaee7-endorsed/jsr181-api.jar" />
    <property name="libs.primefaces.maven-pom" value="" />
    <property name="org.netbeans.io.suspend" value="0" />
    <property name="ant.project.name" value="DiseaseControl" />
    <property name="dist.javadoc.dir" value="dist/javadoc" />
    <property name="default.javac.target" value="18" />
    <property name="javac.fork" value="true" />
    <property name="libs.eclipselink.classpath" value="/Applications/NetBeans/Apache NetBeans 15.app/Contents/Resources/NetBeans/netbeans/java/modules/ext/eclipselink/org.eclipse.persistence.core-2.7.10.jar:/Applications/NetBeans/Apache NetBeans 15.app/Contents/Resources/NetBeans/netbeans/java/modules/ext/eclipselink/org.eclipse.persistence.asm-9.2.0.jar:/Applications/NetBeans/Apache NetBeans 15.app/Contents/Resources/NetBeans/netbeans/java/modules/ext/eclipselink/org.eclipse.persistence.antlr-2.7.10.jar:/Applications/NetBeans/Apache NetBeans 15.app/Contents/Resources/NetBeans/netbeans/java/modules/ext/eclipselink/org.eclipse.persistence.jpa-2.7.10.jar:/Applications/NetBeans/Apache NetBeans 15.app/Contents/Resources/NetBeans/netbeans/java/modules/ext/eclipselink/org.eclipse.persistence.jpa.jpql-2.7.10.jar:/Applications/NetBeans/Apache NetBeans 15.app/Contents/Resources/NetBeans/netbeans/java/modules/ext/eclipselink/org.eclipse.persistence.moxy-2.7.10.jar:/Applications/NetBeans/Apache NetBeans 15.app/Contents/Resources/NetBeans/netbeans/java/modules/ext/eclipselink/jakarta.persistence-2.2.3.jar" />
    <property name="libs.struts.classpath" value="/Applications/NetBeans/Apache NetBeans 15.app/Contents/Resources/NetBeans/netbeans/enterprise/modules/ext/struts/antlr-2.7.2.jar:/Applications/NetBeans/Apache NetBeans 15.app/Contents/Resources/NetBeans/netbeans/enterprise/modules/ext/struts/bsf-2.3.0.jar:/Applications/NetBeans/Apache NetBeans 15.app/Contents/Resources/NetBeans/netbeans/enterprise/modules/ext/struts/commons-beanutils-1.8.0.jar:/Applications/NetBeans/Apache NetBeans 15.app/Contents/Resources/NetBeans/netbeans/enterprise/modules/ext/struts/commons-chain-1.2.jar:/Applications/NetBeans/Apache NetBeans 15.app/Contents/Resources/NetBeans/netbeans/enterprise/modules/ext/struts/commons-digester-1.8.jar:/Applications/NetBeans/Apache NetBeans 15.app/Contents/Resources/NetBeans/netbeans/enterprise/modules/ext/struts/commons-fileupload-1.1.1.jar:/Applications/NetBeans/Apache NetBeans 15.app/Contents/Resources/NetBeans/netbeans/enterprise/modules/ext/struts/commons-io-1.1.jar:/Applications/NetBeans/Apache NetBeans 15.app/Contents/Resources/NetBeans/netbeans/enterprise/modules/ext/struts/commons-logging-1.0.4.jar:/Applications/NetBeans/Apache NetBeans 15.app/Contents/Resources/NetBeans/netbeans/enterprise/modules/ext/struts/commons-validator-1.3.1.jar:/Applications/NetBeans/Apache NetBeans 15.app/Contents/Resources/NetBeans/netbeans/enterprise/modules/ext/struts/jstl-1.0.2.jar:/Applications/NetBeans/Apache NetBeans 15.app/Contents/Resources/NetBeans/netbeans/enterprise/modules/ext/struts/oro-2.0.8.jar:/Applications/NetBeans/Apache NetBeans 15.app/Contents/Resources/NetBeans/netbeans/enterprise/modules/ext/struts/standard-1.0.6.jar:/Applications/NetBeans/Apache NetBeans 15.app/Contents/Resources/NetBeans/netbeans/enterprise/modules/ext/struts/struts-core-1.3.10.jar:/Applications/NetBeans/Apache NetBeans 15.app/Contents/Resources/NetBeans/netbeans/enterprise/modules/ext/struts/struts-el-1.3.10.jar:/Applications/NetBeans/Apache NetBeans 15.app/Contents/Resources/NetBeans/netbeans/enterprise/modules/ext/struts/struts-extras-1.3.10.jar:/Applications/NetBeans/Apache NetBeans 15.app/Contents/Resources/NetBeans/netbeans/enterprise/modules/ext/struts/struts-faces-1.3.10.jar:/Applications/NetBeans/Apache NetBeans 15.app/Contents/Resources/NetBeans/netbeans/enterprise/modules/ext/struts/struts-mailreader-dao-1.3.10.jar:/Applications/NetBeans/Apache NetBeans 15.app/Contents/Resources/NetBeans/netbeans/enterprise/modules/ext/struts/struts-scripting-1.3.10.jar:/Applications/NetBeans/Apache NetBeans 15.app/Contents/Resources/NetBeans/netbeans/enterprise/modules/ext/struts/struts-taglib-1.3.10.jar:/Applications/NetBeans/Apache NetBeans 15.app/Contents/Resources/NetBeans/netbeans/enterprise/modules/ext/struts/struts-tiles-1.3.10.jar" />
    <property name="libs.PostgreSQLDriver.maven-pom" value="" />
    <property name="libs.hamcrest.prop-maven-dependencies" value="org.hamcrest:hamcrest-core:1.3:jar" />
    <property name="libs.absolutelayout.src" value="" />
    <property name="testng.mode" value="testng" />
    <property name="annotation.processing.enabled.in.editor" value="false" />
    <property name="java.vm.compressedOopsMode" value="Zero based" />
    <property name="netbeans.productversion" value="Apache NetBeans IDE 15" />
    <property name="mkdist.disabled" value="false" />
    <property name="file.reference.jxbrowser-mac-arm-7.28.1.jar" value="../JAR FILE/jxbrowser-mac-arm-7.28.1.jar" />
    <property name="libs.javaee-web-api-6.0.javadoc" value="/Applications/NetBeans/Apache NetBeans 15.app/Contents/Resources/NetBeans/netbeans/enterprise/docs/javaee-doc-api.jar" />
    <property name="libs.groovy-all.classpath" value="/Applications/NetBeans/Apache NetBeans 15.app/Contents/Resources/NetBeans/netbeans/groovy/modules/ext/groovy-3.0.8.jar:/Applications/NetBeans/Apache NetBeans 15.app/Contents/Resources/NetBeans/netbeans/groovy/modules/ext/groovy-ant-3.0.8.jar" />
    <property name="libs.javaee-api-7.0.maven-pom" value="" />
    <property name="libs.absolutelayout.javadoc" value="" />
    <property name="module.build.classes.dir" value="build/classes" />
    <property name="annotation.processing.processor.options" value="" />
    <property name="libs.jaxb.maven-pom" value="" />
    <property name="libs.javaee-api-6.0.maven-pom" value="" />
    <property name="dist.dir" value="dist" />
    <property name="build.dir" value="build" />
    <property name="libs.graaljs.maven-pom" value="" />
    <property name="netbeans.autoupdate.variant" value="" />
    <property name="javadoc.version" value="false" />
    <property name="libs.metro.classpath" value="/Applications/NetBeans/Apache NetBeans 15.app/Contents/Resources/NetBeans/netbeans/ide/modules/ext/jaxb/activation.jar:/Applications/NetBeans/Apache NetBeans 15.app/Contents/Resources/NetBeans/netbeans/enterprise/modules/ext/metro/webservices-api.jar:/Applications/NetBeans/Apache NetBeans 15.app/Contents/Resources/NetBeans/netbeans/enterprise/modules/ext/metro/webservices-extra-api.jar:/Applications/NetBeans/Apache NetBeans 15.app/Contents/Resources/NetBeans/netbeans/enterprise/modules/ext/metro/webservices-extra.jar:/Applications/NetBeans/Apache NetBeans 15.app/Contents/Resources/NetBeans/netbeans/enterprise/modules/ext/metro/webservices-rt.jar:/Applications/NetBeans/Apache NetBeans 15.app/Contents/Resources/NetBeans/netbeans/enterprise/modules/ext/metro/webservices-tools.jar" />
    <property name="libs.metro.src" value="" />
    <property name="libs.CopyLibs.classpath" value="/Users/yanyanchen/Desktop/DiseaseControl/lib/CopyLibs/org-netbeans-modules-java-j2seproject-copylibstask.jar" />
    <property name="file.reference.jxmapviewer2-2.6.jar" value="..\..\..\..\jar\jxmapviewer2-2.6.jar" />
    <property name="file.reference.jakarta.activation-1.2.1.jar" value="../JAR FILE/jakarta.activation-1.2.1.jar" />
    <property name="javadoc.html5" value="false" />
    <property name="javac.test.processorpath" value="/Users/yanyanchen/Desktop/DiseaseControl/lib/absolutelayout/AbsoluteLayout.jar:..\..\..\..\jar\jxmapviewer2-2.6.jar:..\..\..\..\jar\jakarta.activation-1.2.1.jar:..\..\..\..\jar\jakarta.mail-1.6.7.jar:..\..\..\..\..\Downloads\jxbrowser-7.28.1-cross-desktop-win_mac_linux\lib\jxbrowser-7.28.1.jar:..\..\..\..\..\Downloads\jxbrowser-7.28.1-cross-desktop-win_mac_linux\lib\jxbrowser-javafx-7.28.1.jar:..\..\..\..\..\Downloads\jxbrowser-7.28.1-cross-desktop-win_mac_linux\lib\jxbrowser-swing-7.28.1.jar:..\..\..\..\mysql-connector-java-8.0.30.jar:..\..\..\..\jar\commons-logging-1.2-bin\commons-logging-1.2\commons-logging-1.2.jar:..\..\..\..\jar\itextpdf-5.4.0.jar:..\..\..\..\jar\jfreechart-1.0.19.jar:..\..\..\..\jar\jcommon-1.0.23.jar:..\..\..\..\jar\jcalendar-1.4.jar:../JAR FILE/commons-logging-1.2.jar:../JAR FILE/itextpdf-5.4.0.jar:../JAR FILE/jakarta.activation-1.2.1.jar:../JAR FILE/jakarta.mail-1.6.7.jar:../JAR FILE/jcalendar-1.4.jar:../JAR FILE/jcommon-1.0.23.jar:../JAR FILE/jfreechart-1.0.19.jar:../JAR FILE/jxbrowser-7.28.1.jar:../JAR FILE/jxbrowser-javafx-7.28.1.jar:../JAR FILE/jxbrowser-mac-7.28.1.jar:../JAR FILE/jxbrowser-mac-arm-7.28.1.jar:../JAR FILE/jxbrowser-swing-7.28.1.jar:../JAR FILE/jxbrowser-swt-7.28.1.jar:../JAR FILE/jxmapviewer2-2.6.jar:../JAR FILE/mysql-connector-java-8.0.30.jar:../../../../Desktop/JAR FILE/commons-logging-1.2.jar:../../../../Desktop/JAR FILE/itextpdf-5.4.0.jar:../../../../Desktop/JAR FILE/jakarta.activation-1.2.1.jar:../../../../Desktop/JAR FILE/jakarta.mail-1.6.7.jar:../../../../Desktop/JAR FILE/jcalendar-1.4.jar:../../../../Desktop/JAR FILE/jcommon-1.0.23.jar:../../../../Desktop/JAR FILE/jfreechart-1.0.19.jar:../../../../Desktop/JAR FILE/jxbrowser-7.28.1.jar:../../../../Desktop/JAR FILE/jxbrowser-javafx-7.28.1.jar:../../../../Desktop/JAR FILE/jxbrowser-mac-7.28.1.jar:../../../../Desktop/JAR FILE/jxbrowser-mac-arm-7.28.1.jar:../../../../Desktop/JAR FILE/jxbrowser-swing-7.28.1.jar:../../../../Desktop/JAR FILE/jxbrowser-swt-7.28.1.jar:../../../../Desktop/JAR FILE/jxmapviewer2-2.6.jar:../../../../Desktop/JAR FILE/mysql-connector-java-8.0.30.jar:build/classes:/Users/yanyanchen/Desktop/DiseaseControl/lib/junit_4-2/junit-4.13.2.jar:/Users/yanyanchen/Desktop/DiseaseControl/lib/hamcrest-2/hamcrest-core-1.3.jar" />
    <property name="libs.javaee-web-api-7.0.maven-pom" value="" />
    <property name="libs.javaee-web-api-8.0.maven-pom" value="" />
    <property name="netbeans.dirs" value="/Applications/NetBeans/Apache NetBeans 15.app/Contents/Resources/NetBeans/netbeans/nb:/Applications/NetBeans/Apache NetBeans 15.app/Contents/Resources/NetBeans/netbeans/ergonomics:/Applications/NetBeans/Apache NetBeans 15.app/Contents/Resources/NetBeans/netbeans/ide:/Applications/NetBeans/Apache NetBeans 15.app/Contents/Resources/NetBeans/netbeans/extide:/Applications/NetBeans/Apache NetBeans 15.app/Contents/Resources/NetBeans/netbeans/java:/Applications/NetBeans/Apache NetBeans 15.app/Contents/Resources/NetBeans/netbeans/apisupport:/Applications/NetBeans/Apache NetBeans 15.app/Contents/Resources/NetBeans/netbeans/webcommon:/Applications/NetBeans/Apache NetBeans 15.app/Contents/Resources/NetBeans/netbeans/websvccommon:/Applications/NetBeans/Apache NetBeans 15.app/Contents/Resources/NetBeans/netbeans/enterprise:/Applications/NetBeans/Apache NetBeans 15.app/Contents/Resources/NetBeans/netbeans/mobility:/Applications/NetBeans/Apache NetBeans 15.app/Contents/Resources/NetBeans/netbeans/profiler:/Applications/NetBeans/Apache NetBeans 15.app/Contents/Resources/NetBeans/netbeans/python:/Applications/NetBeans/Apache NetBeans 15.app/Contents/Resources/NetBeans/netbeans/php:/Applications/NetBeans/Apache NetBeans 15.app/Contents/Resources/NetBeans/netbeans/identity:/Applications/NetBeans/Apache NetBeans 15.app/Contents/Resources/NetBeans/netbeans/harness:/Applications/NetBeans/Apache NetBeans 15.app/Contents/Resources/NetBeans/netbeans/cnd:/Applications/NetBeans/Apache NetBeans 15.app/Contents/Resources/NetBeans/netbeans/cndext:/Applications/NetBeans/Apache NetBeans 15.app/Contents/Resources/NetBeans/netbeans/cpplite:/Applications/NetBeans/Apache NetBeans 15.app/Contents/Resources/NetBeans/netbeans/dlight:/Applications/NetBeans/Apache NetBeans 15.app/Contents/Resources/NetBeans/netbeans/groovy:/Applications/NetBeans/Apache NetBeans 15.app/Contents/Resources/NetBeans/netbeans/extra:/Applications/NetBeans/Apache NetBeans 15.app/Contents/Resources/NetBeans/netbeans/javacard:/Applications/NetBeans/Apache NetBeans 15.app/Contents/Resources/NetBeans/netbeans/javafx:" />
    <property name="socksNonProxyHosts" value="local|*.local|169.254/16|*.169.254/16" />
    <property name="libraries.dir.nativedirsep" value="/Users/yanyanchen/Desktop/DiseaseControl/lib" />
    <property name="libs.hamcrest.maven-pom" value="" />
    <property name="javac.processorpath" value="/Users/yanyanchen/Desktop/DiseaseControl/lib/absolutelayout/AbsoluteLayout.jar:..\..\..\..\jar\jxmapviewer2-2.6.jar:..\..\..\..\jar\jakarta.activation-1.2.1.jar:..\..\..\..\jar\jakarta.mail-1.6.7.jar:..\..\..\..\..\Downloads\jxbrowser-7.28.1-cross-desktop-win_mac_linux\lib\jxbrowser-7.28.1.jar:..\..\..\..\..\Downloads\jxbrowser-7.28.1-cross-desktop-win_mac_linux\lib\jxbrowser-javafx-7.28.1.jar:..\..\..\..\..\Downloads\jxbrowser-7.28.1-cross-desktop-win_mac_linux\lib\jxbrowser-swing-7.28.1.jar:..\..\..\..\mysql-connector-java-8.0.30.jar:..\..\..\..\jar\commons-logging-1.2-bin\commons-logging-1.2\commons-logging-1.2.jar:..\..\..\..\jar\itextpdf-5.4.0.jar:..\..\..\..\jar\jfreechart-1.0.19.jar:..\..\..\..\jar\jcommon-1.0.23.jar:..\..\..\..\jar\jcalendar-1.4.jar:../JAR FILE/commons-logging-1.2.jar:../JAR FILE/itextpdf-5.4.0.jar:../JAR FILE/jakarta.activation-1.2.1.jar:../JAR FILE/jakarta.mail-1.6.7.jar:../JAR FILE/jcalendar-1.4.jar:../JAR FILE/jcommon-1.0.23.jar:../JAR FILE/jfreechart-1.0.19.jar:../JAR FILE/jxbrowser-7.28.1.jar:../JAR FILE/jxbrowser-javafx-7.28.1.jar:../JAR FILE/jxbrowser-mac-7.28.1.jar:../JAR FILE/jxbrowser-mac-arm-7.28.1.jar:../JAR FILE/jxbrowser-swing-7.28.1.jar:../JAR FILE/jxbrowser-swt-7.28.1.jar:../JAR FILE/jxmapviewer2-2.6.jar:../JAR FILE/mysql-connector-java-8.0.30.jar:../../../../Desktop/JAR FILE/commons-logging-1.2.jar:../../../../Desktop/JAR FILE/itextpdf-5.4.0.jar:../../../../Desktop/JAR FILE/jakarta.activation-1.2.1.jar:../../../../Desktop/JAR FILE/jakarta.mail-1.6.7.jar:../../../../Desktop/JAR FILE/jcalendar-1.4.jar:../../../../Desktop/JAR FILE/jcommon-1.0.23.jar:../../../../Desktop/JAR FILE/jfreechart-1.0.19.jar:../../../../Desktop/JAR FILE/jxbrowser-7.28.1.jar:../../../../Desktop/JAR FILE/jxbrowser-javafx-7.28.1.jar:../../../../Desktop/JAR FILE/jxbrowser-mac-7.28.1.jar:../../../../Desktop/JAR FILE/jxbrowser-mac-arm-7.28.1.jar:../../../../Desktop/JAR FILE/jxbrowser-swing-7.28.1.jar:../../../../Desktop/JAR FILE/jxbrowser-swt-7.28.1.jar:../../../../Desktop/JAR FILE/jxmapviewer2-2.6.jar:../../../../Desktop/JAR FILE/mysql-connector-java-8.0.30.jar" />
    <property name="libs.javaee-api-6.0.javadoc" value="/Applications/NetBeans/Apache NetBeans 15.app/Contents/Resources/NetBeans/netbeans/enterprise/docs/javaee-doc-api.jar" />
    <property name="libs.JWSAntTasks.maven-pom" value="" />
    <property name="javac.upgrademodulepath" value="" />
    <property name="run.modulepath" value="" />
    <property name="do.archive+manifest.available" value="true" />
    <property name="apple.laf.useScreenMenuBar" value="true" />
    <property name="sun.java.launcher" value="SUN_STANDARD" />
    <property name="user.country" value="US" />
    <property name="libs.jakartaee-api-9.0.maven-pom" value="" />
    <property name="libs.jpa20-persistence.src" value="" />
    <property name="libs.restapi.javadoc" value="" />
    <property name="endorsed.classpath" value="" />
    <property name="javac.test.sourcepath" value="/Users/yanyanchen/Desktop/DiseaseControl/build/empty" />
    <property name="libs.spring-webmvc3.0.maven-pom" value="" />
    <property name="includes" value="**" />
    <property name="libs.jsf12.javadoc" value="/Applications/NetBeans/Apache NetBeans 15.app/Contents/Resources/NetBeans/netbeans/enterprise/docs/javaee-doc-api.jar" />
    <property name="libs.hamcrest.classpath" value="/Users/yanyanchen/Desktop/DiseaseControl/lib/hamcrest-2/hamcrest-core-1.3.jar" />
    <property name="javadoc.splitindex" value="true" />
    <property name="libs.JWSAntTasks.classpath" value="/Applications/NetBeans/Apache NetBeans 15.app/Contents/Resources/NetBeans/netbeans/java/ant/extra/org-netbeans-modules-javawebstart-anttasks.jar" />
    <property name="junit.available" value="true" />
    <property name="javac.processormodulepath" value="" />
    <property name="javadoc.encoding" value="UTF-8" />
    <property name="libs.jsp-compilation-syscp.maven-pom" value="" />
    <property name="libs.jstl.src" value="" />
    <property name="netbeans.hash.code" value="unique=NB_JAVA_WEBEE_WEBCOMMON_PHP066a583c5-d4ea-4720-b25a-10cfe3a1af4e_48018edf-959a-44a0-bc0c-7a5949082592" />
    <property name="jlink.strip" value="false" />
    <property name="libs.spring-webmvc3.0.classpath" value="/Applications/NetBeans/Apache NetBeans 15.app/Contents/Resources/NetBeans/netbeans/java/modules/ext/spring-3.0/spring-webmvc-3.2.18.RELEASE.jar" />
    <property name="java.runtime.name" value="OpenJDK Runtime Environment" />
    <property name="libs.jaxb.javadoc" value="/Applications/NetBeans/Apache NetBeans 15.app/Contents/Resources/NetBeans/netbeans/ide/docs/jaxb-api-doc.jar" />
    <property name="manifest.available" value="true" />
    <property name="libs.spring-framework500.maven-pom" value="" />
    <property name="run.jvmargs.ide" value="" />
    <property name="file.reference.jxbrowser-javafx-7.28.1.jar-1" value="../JAR FILE/jxbrowser-javafx-7.28.1.jar" />
    <property name="file.reference.jxbrowser-javafx-7.28.1.jar-2" value="../../../../Desktop/JAR FILE/jxbrowser-javafx-7.28.1.jar" />
    <property name="ant.core.lib" value="/Applications/NetBeans/Apache NetBeans 15.app/Contents/Resources/NetBeans/netbeans/extide/ant/lib/ant.jar" />
    <property name="libs.jsp-compilation.maven-pom" value="" />
    <property name="javac.profile.cmd.line.arg" value="" />
    <property name="libs.jakartaee-api-9.0.classpath" value="/Applications/NetBeans/Apache NetBeans 15.app/Contents/Resources/NetBeans/netbeans/enterprise/modules/ext/jakarta.jakartaee-api-9.0.0.jar" />
    <property name="application.title" value="DiseaseControl" />
    <property name="do.archive+main.class.available" value="true" />
    <property name="javac.test.modulepath" value="" />
    <property name="libs.PostgreSQLDriver.javadoc" value="" />
    <property name="libs.jsp-compilation-syscp.classpath" value="/Applications/NetBeans/Apache NetBeans 15.app/Contents/Resources/NetBeans/netbeans/extide/ant/lib/ant.jar:/Applications/NetBeans/Apache NetBeans 15.app/Contents/Resources/NetBeans/netbeans/enterprise/modules/ext/servlet3.1-jsp2.3-api.jar:/Applications/NetBeans/Apache NetBeans 15.app/Contents/Resources/NetBeans/netbeans/enterprise/modules/ext/glassfish-jspparser-4.0.jar:/Applications/NetBeans/Apache NetBeans 15.app/Contents/Resources/NetBeans/netbeans/enterprise/modules/ext/jstl-impl.jar:/Applications/NetBeans/Apache NetBeans 15.app/Contents/Resources/NetBeans/netbeans/enterprise/modules/ext/jsf-2_2/javax.faces.jar" />
    <property name="libs.jsp-compilation.classpath" value="/Applications/NetBeans/Apache NetBeans 15.app/Contents/Resources/NetBeans/netbeans/extide/ant/lib/ant.jar:/Applications/NetBeans/Apache NetBeans 15.app/Contents/Resources/NetBeans/netbeans/enterprise/modules/ext/servlet3.1-jsp2.3-api.jar:/Applications/NetBeans/Apache NetBeans 15.app/Contents/Resources/NetBeans/netbeans/enterprise/modules/ext/glassfish-jspparser-4.0.jar:/Applications/NetBeans/Apache NetBeans 15.app/Contents/Resources/NetBeans/netbeans/enterprise/modules/ext/jsf-2_2/javax.faces.jar:/Applications/NetBeans/Apache NetBeans 15.app/Contents/Resources/NetBeans/netbeans/enterprise/modules/ext/jstl-api.jar:/Applications/NetBeans/Apache NetBeans 15.app/Contents/Resources/NetBeans/netbeans/extide/ant/lib/ant-launcher.jar" />
    <property name="libs.javaee-api-6.0.classpath" value="/Applications/NetBeans/Apache NetBeans 15.app/Contents/Resources/NetBeans/netbeans/enterprise/modules/ext/javaee-api-6.0.jar" />
    <property name="javac.includesfile.binary" value="/Users/yanyanchen/Desktop/DiseaseControl/null355354273" />
    <property name="libs.javaee-api-7.0.classpath" value="/Applications/NetBeans/Apache NetBeans 15.app/Contents/Resources/NetBeans/netbeans/enterprise/modules/ext/javaee-api-7.0.jar" />
    <property name="file.reference.jcommon-1.0.23.jar" value="..\..\..\..\jar\jcommon-1.0.23.jar" />
    <property name="file.reference.jxbrowser-7.28.1.jar-2" value="../../../../Desktop/JAR FILE/jxbrowser-7.28.1.jar" />
    <property name="libs.restapi.maven-pom" value="" />
    <property name="file.reference.jxbrowser-7.28.1.jar-1" value="../JAR FILE/jxbrowser-7.28.1.jar" />
    <property name="do.depend" value="false" />
    <property name="javadoc.preview" value="true" />
    <property name="sun.arch.data.model" value="64" />
    <property name="libs.jakartaee-web-api-9.0.maven-pom" value="" />
    <property name="libs.javaee-endorsed-api-7.0.src" value="" />
    <property name="annotation.processing.enabled" value="true" />
    <property name="libs.junit_5.src" value="/Applications/NetBeans/Apache NetBeans 15.app/Contents/Resources/NetBeans/netbeans/platform/docs/junit-jupiter-api-5.6.0-sources.jar:/Applications/NetBeans/Apache NetBeans 15.app/Contents/Resources/NetBeans/netbeans/platform/docs/junit-jupiter-params-5.6.0-sources.jar:/Applications/NetBeans/Apache NetBeans 15.app/Contents/Resources/NetBeans/netbeans/platform/docs/junit-jupiter-engine-5.6.0-sources.jar" />
    <property name="file.reference.commons-logging-1.2.jar" value="..\..\..\..\jar\commons-logging-1.2-bin\commons-logging-1.2\commons-logging-1.2.jar" />
    <property name="libs.jaxb.classpath" value="/Applications/NetBeans/Apache NetBeans 15.app/Contents/Resources/NetBeans/netbeans/ide/modules/ext/jaxb/jaxb-impl.jar:/Applications/NetBeans/Apache NetBeans 15.app/Contents/Resources/NetBeans/netbeans/ide/modules/ext/jaxb/jaxb-xjc.jar:/Applications/NetBeans/Apache NetBeans 15.app/Contents/Resources/NetBeans/netbeans/ide/modules/ext/jaxb/activation.jar:/Applications/NetBeans/Apache NetBeans 15.app/Contents/Resources/NetBeans/netbeans/ide/modules/ext/jaxb/api/jaxb-api.jar" />
    <property name="libs.javaee-api-8.0.classpath" value="/Applications/NetBeans/Apache NetBeans 15.app/Contents/Resources/NetBeans/netbeans/enterprise/modules/ext/javaee-api-8.0.jar" />
    <property name="file.reference.itextpdf-5.4.0.jar" value="..\..\..\..\jar\itextpdf-5.4.0.jar" />
    <property name="libs.CopyLibs.src" value="" />
    <property name="java.specification.vendor" value="Oracle Corporation" />
    <property name="javac.source" value="18" />
    <property name="java.version.date" value="2022-08-18" />
    <property name="java.home" value="/Users/yanyanchen/Library/Java/JavaVirtualMachines/openjdk-18.0.2.1/Contents/Home" />
    <property name="libs.CopyLibs.prop-version" value="3.0" />
    <property name="ant.file.type.DiseaseControl-impl" value="file" />
    <property name="work.dir" value="/Users/yanyanchen/Desktop/DiseaseControl" />
    <property name="ant.file.type.DiseaseControl" value="file" />
    <property name="javac.test.compilerargs" value="" />
    <property name="jna.boot.library.name" value="jnidispatch-nb" />
    <property name="libs.PostgreSQLDriver.classpath" value="/Applications/NetBeans/Apache NetBeans 15.app/Contents/Resources/NetBeans/netbeans/ide/modules/ext/postgresql-42.2.16.jar" />
    <property name="libs.graaljs.javadoc" value="" />
    <property name="libs.spring-webmvc3.0.javadoc" value="" />
    <property name="libs.JAXB-ENDORSED.src" value="" />
    <property name="manifest.encoding" value="UTF-8" />
    <property name="libs.spring-framework400.src" value="" />
    <property name="sun.management.compiler" value="HotSpot 64-Bit Tiered Compilers" />
    <property name="run.test.modulepath" value="" />
    <property name="libs.graaljs.classpath" value="/Applications/NetBeans/Apache NetBeans 15.app/Contents/Resources/NetBeans/netbeans/webcommon/modules/ext/js-20.3.0.jar:/Applications/NetBeans/Apache NetBeans 15.app/Contents/Resources/NetBeans/netbeans/webcommon/modules/ext/js-launcher-20.3.0.jar:/Applications/NetBeans/Apache NetBeans 15.app/Contents/Resources/NetBeans/netbeans/webcommon/modules/ext/regex-20.3.0.jar:/Applications/NetBeans/Apache NetBeans 15.app/Contents/Resources/NetBeans/netbeans/webcommon/modules/ext/icu4j-67.1.jar:/Applications/NetBeans/Apache NetBeans 15.app/Contents/Resources/NetBeans/netbeans/ide/modules/ext/graal-sdk-20.3.0.jar:/Applications/NetBeans/Apache NetBeans 15.app/Contents/Resources/NetBeans/netbeans/ide/modules/ext/launcher-common-20.3.0.jar:/Applications/NetBeans/Apache NetBeans 15.app/Contents/Resources/NetBeans/netbeans/ide/modules/ext/truffle-api-20.3.0.jar" />
    <property name="libs.javaee-web-api-6.0.classpath" value="/Applications/NetBeans/Apache NetBeans 15.app/Contents/Resources/NetBeans/netbeans/enterprise/modules/ext/javaee-web-api-6.0.jar" />
    <property name="libs.jsp-compiler.javadoc" value="" />
    <property name="debug.test.modulepath" value="" />
    <property name="libs.javaee-web-api-7.0.classpath" value="/Applications/NetBeans/Apache NetBeans 15.app/Contents/Resources/NetBeans/netbeans/enterprise/modules/ext/javaee-web-api-7.0.jar" />
    <property name="file.encoding" value="UTF-8" />
    <property name="java.util.logging.config.class" value="org.netbeans.core.startup.TopLogging" />
    <property name="https.nonProxyHosts" value="localhost|127.0.0.1|YanyandeAir" />
    <property name="libs.restlib.javadoc" value="" />
    <property name="nu.validator.checker.imageCandidateString.hasWidth" value="0" />
    <property name="libs.absolutelayout.classpath" value="/Users/yanyanchen/Desktop/DiseaseControl/lib/absolutelayout/AbsoluteLayout.jar" />
    <property name="do.archive" value="true" />
    <property name="file.reference.jxbrowser-swt-7.28.1.jar-1" value="../../../../Desktop/JAR FILE/jxbrowser-swt-7.28.1.jar" />
    <property name="libs.struts.maven-pom" value="" />
    <property name="built-jar.properties" value="/Users/yanyanchen/Desktop/DiseaseControl/build/built-jar.properties" />
    <property name="nb.native.filechooser" value="false" />
    <property name="libs.testng.src" value="" />
    <property name="ant.file.DiseaseControl-impl" value="/Users/yanyanchen/Desktop/DiseaseControl/nbproject/build-impl.xml" />
    <property name="libs.javaee-web-api-8.0.classpath" value="/Applications/NetBeans/Apache NetBeans 15.app/Contents/Resources/NetBeans/netbeans/enterprise/modules/ext/javaee-web-api-8.0.jar" />
    <property name="platform.active" value="default_platform" />
    <property name="manifest.file" value="manifest.mf" />
    <property name="sun.io.unicode.encoding" value="UnicodeBig" />
    <property name="libs.struts.javadoc" value="/Applications/NetBeans/Apache NetBeans 15.app/Contents/Resources/NetBeans/netbeans/enterprise/docs/struts-1.3.10-javadoc.zip" />
    <property name="default.javac.source" value="18" />
    <property name="libs.javaee-web-api-8.0.javadoc" value="/Applications/NetBeans/Apache NetBeans 15.app/Contents/Resources/NetBeans/netbeans/enterprise/docs/javaee-doc-api.jar" />
    <property name="netbeans.dynamic.classpath" value="/Applications/NetBeans/Apache NetBeans 15.app/Contents/Resources/NetBeans/netbeans/platform/core/asm-tree-9.3.jar:/Applications/NetBeans/Apache NetBeans 15.app/Contents/Resources/NetBeans/netbeans/platform/core/org-netbeans-libs-asm.jar:/Applications/NetBeans/Apache NetBeans 15.app/Contents/Resources/NetBeans/netbeans/platform/core/org-openide-filesystems-compat8.jar:/Applications/NetBeans/Apache NetBeans 15.app/Contents/Resources/NetBeans/netbeans/platform/core/org-openide-filesystems.jar:/Applications/NetBeans/Apache NetBeans 15.app/Contents/Resources/NetBeans/netbeans/platform/core/asm-commons-9.3.jar:/Applications/NetBeans/Apache NetBeans 15.app/Contents/Resources/NetBeans/netbeans/platform/core/asm-9.3.jar:/Applications/NetBeans/Apache NetBeans 15.app/Contents/Resources/NetBeans/netbeans/platform/core/core.jar:/Applications/NetBeans/Apache NetBeans 15.app/Contents/Resources/NetBeans/netbeans/platform/core/core-base.jar:/Applications/NetBeans/Apache NetBeans 15.app/Contents/Resources/NetBeans/netbeans/nb/core/org-netbeans-upgrader.jar:/Applications/NetBeans/Apache NetBeans 15.app/Contents/Resources/NetBeans/netbeans/nb/core/locale/core_nb.jar" />
    <property name="libs.eclipselinkmodelgen.classpath" value="/Applications/NetBeans/Apache NetBeans 15.app/Contents/Resources/NetBeans/netbeans/java/modules/ext/eclipselink/org.eclipse.persistence.jpa.modelgen.processor-2.7.10.jar" />
    <property name="javac.systemmodulepath.cmd.line.arg" value="" />
    <property name="netbeans.buildnumber" value="15-387759c96ce1b891ec45ffaf524a53499455fe1a" />
    <property name="endorsed.classpath.cmd.line.arg" value="" />
    <property name="libs.jpa20-persistence.maven-pom" value="" />
    <property name="libs.CopyLibs.maven-pom" value="" />
    <property name="build.sysclasspath" value="ignore" />
    <property name="os.name" value="Mac OS X" />
    <property name="libs.jakartaee-api-8.0.maven-pom" value="" />
    <property name="jdkBug6558476" value="false" />
    <property name="http.nonProxyHosts" value="local|*.local|169.254/16|*.169.254/16" />
    <property name="javadoc.author" value="false" />
    <property name="main.class" value="ui.Login" />
    <property name="libs.jsp-compilation-syscp.javadoc" value="" />
    <property name="source.encoding" value="UTF-8" />
    <property name="jar.compress" value="false" />
    <property name="file.reference.jxbrowser-swt-7.28.1.jar" value="../JAR FILE/jxbrowser-swt-7.28.1.jar" />
    <property name="libs.javaee-api-7.0.javadoc" value="/Applications/NetBeans/Apache NetBeans 15.app/Contents/Resources/NetBeans/netbeans/enterprise/docs/javaee-doc-api.jar" />
    <property name="libs.spring-webmvc5.0.src" value="" />
    <property name="libs.jsf20.maven-pom" value="" />
    <property name="libs.restlib.classpath" value="/Applications/NetBeans/Apache NetBeans 15.app/Contents/Resources/NetBeans/netbeans/enterprise/modules/ext/jersey2/jakarta.annotation-api-1.3.5.jar:/Applications/NetBeans/Apache NetBeans 15.app/Contents/Resources/NetBeans/netbeans/enterprise/modules/ext/jersey2/jakarta.persistence-api-2.2.3.jar:/Applications/NetBeans/Apache NetBeans 15.app/Contents/Resources/NetBeans/netbeans/enterprise/modules/ext/jersey2/jakarta.servlet-api-4.0.4.jar:/Applications/NetBeans/Apache NetBeans 15.app/Contents/Resources/NetBeans/netbeans/enterprise/modules/ext/jersey2/jakarta.validation-api-2.0.2.jar:/Applications/NetBeans/Apache NetBeans 15.app/Contents/Resources/NetBeans/netbeans/enterprise/modules/ext/jersey2/jakarta.xml.bind-api-2.3.3.jar:/Applications/NetBeans/Apache NetBeans 15.app/Contents/Resources/NetBeans/netbeans/enterprise/modules/ext/jersey2/jersey-client-2.34.jar:/Applications/NetBeans/Apache NetBeans 15.app/Contents/Resources/NetBeans/netbeans/enterprise/modules/ext/jersey2/jersey-common-2.34.jar:/Applications/NetBeans/Apache NetBeans 15.app/Contents/Resources/NetBeans/netbeans/enterprise/modules/ext/jersey2/jersey-server-2.34.jar:/Applications/NetBeans/Apache NetBeans 15.app/Contents/Resources/NetBeans/netbeans/enterprise/modules/ext/jersey2/jersey-entity-filtering-2.34.jar:/Applications/NetBeans/Apache NetBeans 15.app/Contents/Resources/NetBeans/netbeans/enterprise/modules/ext/jersey2/jersey-hk2-2.34.jar:/Applications/NetBeans/Apache NetBeans 15.app/Contents/Resources/NetBeans/netbeans/enterprise/modules/ext/jersey2/jersey-media-moxy-2.34.jar:/Applications/NetBeans/Apache NetBeans 15.app/Contents/Resources/NetBeans/netbeans/enterprise/modules/ext/jersey2/jersey-container-servlet-2.34.jar:/Applications/NetBeans/Apache NetBeans 15.app/Contents/Resources/NetBeans/netbeans/enterprise/modules/ext/jersey2/jersey-container-servlet-core-2.34.jar:/Applications/NetBeans/Apache NetBeans 15.app/Contents/Resources/NetBeans/netbeans/enterprise/modules/ext/jersey2/hk2-api-2.6.1.jar:/Applications/NetBeans/Apache NetBeans 15.app/Contents/Resources/NetBeans/netbeans/enterprise/modules/ext/jersey2/hk2-locator-2.6.1.jar:/Applications/NetBeans/Apache NetBeans 15.app/Contents/Resources/NetBeans/netbeans/enterprise/modules/ext/jersey2/hk2-utils-2.6.1.jar:/Applications/NetBeans/Apache NetBeans 15.app/Contents/Resources/NetBeans/netbeans/enterprise/modules/ext/jersey2/jakarta.inject-2.6.1.jar:/Applications/NetBeans/Apache NetBeans 15.app/Contents/Resources/NetBeans/netbeans/enterprise/modules/ext/jersey2/aopalliance-repackaged-2.6.1.jar:/Applications/NetBeans/Apache NetBeans 15.app/Contents/Resources/NetBeans/netbeans/enterprise/modules/ext/jersey2/osgi.core-8.0.0.jar:/Applications/NetBeans/Apache NetBeans 15.app/Contents/Resources/NetBeans/netbeans/enterprise/modules/ext/jersey2/osgi-resource-locator-1.0.3.jar:/Applications/NetBeans/Apache NetBeans 15.app/Contents/Resources/NetBeans/netbeans/java/modules/ext/eclipselink/org.eclipse.persistence.core-2.7.10.jar:/Applications/NetBeans/Apache NetBeans 15.app/Contents/Resources/NetBeans/netbeans/java/modules/ext/eclipselink/org.eclipse.persistence.asm-9.2.0.jar:/Applications/NetBeans/Apache NetBeans 15.app/Contents/Resources/NetBeans/netbeans/java/modules/ext/eclipselink/org.eclipse.persistence.antlr-2.7.10.jar:/Applications/NetBeans/Apache NetBeans 15.app/Contents/Resources/NetBeans/netbeans/java/modules/ext/eclipselink/org.eclipse.persistence.jpa-2.7.10.jar:/Applications/NetBeans/Apache NetBeans 15.app/Contents/Resources/NetBeans/netbeans/java/modules/ext/eclipselink/org.eclipse.persistence.jpa.jpql-2.7.10.jar:/Applications/NetBeans/Apache NetBeans 15.app/Contents/Resources/NetBeans/netbeans/java/modules/ext/eclipselink/org.eclipse.persistence.moxy-2.7.10.jar" />
    <property name="libs.jakartaee-web-api-8.0.javadoc" value="/Applications/NetBeans/Apache NetBeans 15.app/Contents/Resources/NetBeans/netbeans/enterprise/docs/jakartaee8-doc-api.jar" />
    <property name="apple.awt.graphics.UseQuartz" value="true" />
    <property name="libs.graaljs.src" value="" />
    <property name="run.jvmargs" value="" />
    <property name="libs.primefaces.src" value="" />
    <property name="file.reference.jxbrowser-7.28.1.jar" value="..\..\..\..\..\Downloads\jxbrowser-7.28.1-cross-desktop-win_mac_linux\lib\jxbrowser-7.28.1.jar" />
    <property name="libraries.path" value="/Users/yanyanchen/Desktop/DiseaseControl/lib/nblibraries.properties" />
    <property name="file.reference.jcalendar-1.4.jar" value="..\..\..\..\jar\jcalendar-1.4.jar" />
    <property name="ant.file" value="/Users/yanyanchen/Desktop/DiseaseControl/build.xml" />
    <property name="libs.struts.src" value="" />
    <property name="path.separator" value=":" />
    <property name="libs.JAXB-ENDORSED.classpath" value="/Applications/NetBeans/Apache NetBeans 15.app/Contents/Resources/NetBeans/netbeans/ide/modules/ext/jaxb/api/jaxb-api.jar" />
    <property name="libs.restlib.src" value="" />
    <property name="build.test.results.dir" value="build/test/results" />
    <property name="file.reference.mysql-connector-java-8.0.30.jar-2" value="..\..\..\..\mysql-connector-java-8.0.30.jar" />
    <property name="file.reference.mysql-connector-java-8.0.30.jar-1" value="../../../../Desktop/JAR FILE/mysql-connector-java-8.0.30.jar" />
    <property name="libs.jaxws21.javadoc" value="/Applications/NetBeans/Apache NetBeans 15.app/Contents/Resources/NetBeans/netbeans/java/docs/jaxws-api-doc.zip" />
    <property name="libs.javaee-endorsed-api-6.0.javadoc" value="/Applications/NetBeans/Apache NetBeans 15.app/Contents/Resources/NetBeans/netbeans/enterprise/docs/javaee-doc-api.jar" />
    <property name="libs.spring-framework400.maven-pom" value="" />
    <property name="ap.processors.internal" value="" />
    <property name="module.name" value="" />
    <property name="libs.jsf12.classpath" value="/Applications/NetBeans/Apache NetBeans 15.app/Contents/Resources/NetBeans/netbeans/enterprise/modules/ext/jsf-1_2/jsf-api.jar:/Applications/NetBeans/Apache NetBeans 15.app/Contents/Resources/NetBeans/netbeans/enterprise/modules/ext/jsf-1_2/jsf-impl.jar" />
    <property name="libs.spring-webmvc5.0.javadoc" value="" />
    <property name="libs.hamcrest.javadoc" value="" />
    <property name="libs.spring-framework400.javadoc" value="" />
    <property name="do.jar" value="true" />
    <property name="java.vm.info" value="mixed mode, sharing" />
    <property name="libs.primefaces.classpath" value="/Applications/NetBeans/Apache NetBeans 15.app/Contents/Resources/NetBeans/netbeans/enterprise/modules/ext/primefaces/primefaces-5.0.jar" />
    <property name="libs.jaxws21.maven-pom" value="" />
    <property name="run.test.classpath" value="/Users/yanyanchen/Desktop/DiseaseControl/lib/absolutelayout/AbsoluteLayout.jar:..\..\..\..\jar\jxmapviewer2-2.6.jar:..\..\..\..\jar\jakarta.activation-1.2.1.jar:..\..\..\..\jar\jakarta.mail-1.6.7.jar:..\..\..\..\..\Downloads\jxbrowser-7.28.1-cross-desktop-win_mac_linux\lib\jxbrowser-7.28.1.jar:..\..\..\..\..\Downloads\jxbrowser-7.28.1-cross-desktop-win_mac_linux\lib\jxbrowser-javafx-7.28.1.jar:..\..\..\..\..\Downloads\jxbrowser-7.28.1-cross-desktop-win_mac_linux\lib\jxbrowser-swing-7.28.1.jar:..\..\..\..\mysql-connector-java-8.0.30.jar:..\..\..\..\jar\commons-logging-1.2-bin\commons-logging-1.2\commons-logging-1.2.jar:..\..\..\..\jar\itextpdf-5.4.0.jar:..\..\..\..\jar\jfreechart-1.0.19.jar:..\..\..\..\jar\jcommon-1.0.23.jar:..\..\..\..\jar\jcalendar-1.4.jar:../JAR FILE/commons-logging-1.2.jar:../JAR FILE/itextpdf-5.4.0.jar:../JAR FILE/jakarta.activation-1.2.1.jar:../JAR FILE/jakarta.mail-1.6.7.jar:../JAR FILE/jcalendar-1.4.jar:../JAR FILE/jcommon-1.0.23.jar:../JAR FILE/jfreechart-1.0.19.jar:../JAR FILE/jxbrowser-7.28.1.jar:../JAR FILE/jxbrowser-javafx-7.28.1.jar:../JAR FILE/jxbrowser-mac-7.28.1.jar:../JAR FILE/jxbrowser-mac-arm-7.28.1.jar:../JAR FILE/jxbrowser-swing-7.28.1.jar:../JAR FILE/jxbrowser-swt-7.28.1.jar:../JAR FILE/jxmapviewer2-2.6.jar:../JAR FILE/mysql-connector-java-8.0.30.jar:../../../../Desktop/JAR FILE/commons-logging-1.2.jar:../../../../Desktop/JAR FILE/itextpdf-5.4.0.jar:../../../../Desktop/JAR FILE/jakarta.activation-1.2.1.jar:../../../../Desktop/JAR FILE/jakarta.mail-1.6.7.jar:../../../../Desktop/JAR FILE/jcalendar-1.4.jar:../../../../Desktop/JAR FILE/jcommon-1.0.23.jar:../../../../Desktop/JAR FILE/jfreechart-1.0.19.jar:../../../../Desktop/JAR FILE/jxbrowser-7.28.1.jar:../../../../Desktop/JAR FILE/jxbrowser-javafx-7.28.1.jar:../../../../Desktop/JAR FILE/jxbrowser-mac-7.28.1.jar:../../../../Desktop/JAR FILE/jxbrowser-mac-arm-7.28.1.jar:../../../../Desktop/JAR FILE/jxbrowser-swing-7.28.1.jar:../../../../Desktop/JAR FILE/jxbrowser-swt-7.28.1.jar:../../../../Desktop/JAR FILE/jxmapviewer2-2.6.jar:../../../../Desktop/JAR FILE/mysql-connector-java-8.0.30.jar:build/classes:/Users/yanyanchen/Desktop/DiseaseControl/lib/junit_4-2/junit-4.13.2.jar:/Users/yanyanchen/Desktop/DiseaseControl/lib/hamcrest-2/hamcrest-core-1.3.jar:build/test/classes" />
    <property name="dist.jlink.output" value="dist/jlink/DiseaseControl" />
    <property name="java.class.version" value="62.0" />
    <property name="javadoc.encoding.used" value="UTF-8" />
    <property name="src.dir" value="src" />
    <property name="ant.project.default-target" value="default" />
    <property name="debug.classpath" value="/Users/yanyanchen/Desktop/DiseaseControl/lib/absolutelayout/AbsoluteLayout.jar:..\..\..\..\jar\jxmapviewer2-2.6.jar:..\..\..\..\jar\jakarta.activation-1.2.1.jar:..\..\..\..\jar\jakarta.mail-1.6.7.jar:..\..\..\..\..\Downloads\jxbrowser-7.28.1-cross-desktop-win_mac_linux\lib\jxbrowser-7.28.1.jar:..\..\..\..\..\Downloads\jxbrowser-7.28.1-cross-desktop-win_mac_linux\lib\jxbrowser-javafx-7.28.1.jar:..\..\..\..\..\Downloads\jxbrowser-7.28.1-cross-desktop-win_mac_linux\lib\jxbrowser-swing-7.28.1.jar:..\..\..\..\mysql-connector-java-8.0.30.jar:..\..\..\..\jar\commons-logging-1.2-bin\commons-logging-1.2\commons-logging-1.2.jar:..\..\..\..\jar\itextpdf-5.4.0.jar:..\..\..\..\jar\jfreechart-1.0.19.jar:..\..\..\..\jar\jcommon-1.0.23.jar:..\..\..\..\jar\jcalendar-1.4.jar:../JAR FILE/commons-logging-1.2.jar:../JAR FILE/itextpdf-5.4.0.jar:../JAR FILE/jakarta.activation-1.2.1.jar:../JAR FILE/jakarta.mail-1.6.7.jar:../JAR FILE/jcalendar-1.4.jar:../JAR FILE/jcommon-1.0.23.jar:../JAR FILE/jfreechart-1.0.19.jar:../JAR FILE/jxbrowser-7.28.1.jar:../JAR FILE/jxbrowser-javafx-7.28.1.jar:../JAR FILE/jxbrowser-mac-7.28.1.jar:../JAR FILE/jxbrowser-mac-arm-7.28.1.jar:../JAR FILE/jxbrowser-swing-7.28.1.jar:../JAR FILE/jxbrowser-swt-7.28.1.jar:../JAR FILE/jxmapviewer2-2.6.jar:../JAR FILE/mysql-connector-java-8.0.30.jar:../../../../Desktop/JAR FILE/commons-logging-1.2.jar:../../../../Desktop/JAR FILE/itextpdf-5.4.0.jar:../../../../Desktop/JAR FILE/jakarta.activation-1.2.1.jar:../../../../Desktop/JAR FILE/jakarta.mail-1.6.7.jar:../../../../Desktop/JAR FILE/jcalendar-1.4.jar:../../../../Desktop/JAR FILE/jcommon-1.0.23.jar:../../../../Desktop/JAR FILE/jfreechart-1.0.19.jar:../../../../Desktop/JAR FILE/jxbrowser-7.28.1.jar:../../../../Desktop/JAR FILE/jxbrowser-javafx-7.28.1.jar:../../../../Desktop/JAR FILE/jxbrowser-mac-7.28.1.jar:../../../../Desktop/JAR FILE/jxbrowser-mac-arm-7.28.1.jar:../../../../Desktop/JAR FILE/jxbrowser-swing-7.28.1.jar:../../../../Desktop/JAR FILE/jxbrowser-swt-7.28.1.jar:../../../../Desktop/JAR FILE/jxmapviewer2-2.6.jar:../../../../Desktop/JAR FILE/mysql-connector-java-8.0.30.jar:build/classes" />
    <property name="file.reference.jxbrowser-mac-arm-7.28.1.jar-1" value="../../../../Desktop/JAR FILE/jxbrowser-mac-arm-7.28.1.jar" />
    <property name="excludes" value="" />
    <property name="libs.javaee-api-7.0.src" value="" />
    <property name="libs.junit_4.javadoc" value="/Users/yanyanchen/Desktop/DiseaseControl/lib/junit_4-2/junit-4.13.2-javadoc.jar" />
    <property name="run.test.jvmargs" value="" />
    <property name="sun.jnu.encoding" value="UTF-8" />
    <property name="libs.spring-webmvc4.0.src" value="" />
    <property name="sun.java2d.dpiaware" value="true" />
    <property name="libs.absolutelayout.displayName" value="Absolute Layout" />
    <property name="main.class.available" value="true" />
    <property name="libs.jsf20.javadoc" value="/Applications/NetBeans/Apache NetBeans 15.app/Contents/Resources/NetBeans/netbeans/enterprise/docs/javaee-doc-api.jar" />
    <property name="netbeans.importclass" value="org.netbeans.upgrade.AutoUpgrade" />
    <property name="netbeans.autoupdate.version" value="1.23" />
    <property name="empty.dir" value="/Users/yanyanchen/Desktop/DiseaseControl/build/empty" />
    <property name="file.reference.jcommon-1.0.23.jar-2" value="../../../../Desktop/JAR FILE/jcommon-1.0.23.jar" />
    <property name="file.reference.jcommon-1.0.23.jar-1" value="../JAR FILE/jcommon-1.0.23.jar" />
    <property name="file.reference.commons-logging-1.2.jar-2" value="../../../../Desktop/JAR FILE/commons-logging-1.2.jar" />
    <property name="netbeans.user" value="/Users/yanyanchen/Library/Application Support/NetBeans/15" />
    <property name="file.reference.commons-logging-1.2.jar-1" value="../JAR FILE/commons-logging-1.2.jar" />
    <property name="javac.includes.binary" value="/Users/yanyanchen/Desktop/DiseaseControl/build/test/classes/ui/LoginTest.class" />
    <property name="file.separator" value="/" />
    <property name="line.separator" value="&#xa;" />
    <property name="javadoc.additionalparam" value="" />
    <property name="file.reference.jxbrowser-swing-7.28.1.jar" value="..\..\..\..\..\Downloads\jxbrowser-7.28.1-cross-desktop-win_mac_linux\lib\jxbrowser-swing-7.28.1.jar" />
    <property name="libs.spring-webmvc5.0.classpath" value="/Applications/NetBeans/Apache NetBeans 15.app/Contents/Resources/NetBeans/netbeans/java/modules/ext/spring-5/spring-webmvc-5.2.9.RELEASE.jar" />
    <property name="javac.debug" value="true" />
    <property name="libs.restlib.maven-pom" value="" />
    <property name="libs.testng.classpath" value="/Applications/NetBeans/Apache NetBeans 15.app/Contents/Resources/NetBeans/netbeans/platform/modules/ext/testng-6.14.3.jar:/Applications/NetBeans/Apache NetBeans 15.app/Contents/Resources/NetBeans/netbeans/platform/modules/ext/jcommander-1.78.jar" />
    <property name="libs.jsp-compiler.src" value="" />
    <property name="user.name" value="yanyanchen" />
    <property name="build.classes.dir" value="build/classes" />
    <property name="javadoc.windowtitle" value="" />
    <property name="nb.junit.single" value="false" />
    <property name="nb.internal.action.name" value="run.single" />
    <property name="libs.javaee-api-8.0.maven-pom" value="" />
    <property name="libs.jaxws21.src" value="" />
    <property name="libs.jakartaee-web-api-9.0.javadoc" value="/Applications/NetBeans/Apache NetBeans 15.app/Contents/Resources/NetBeans/netbeans/enterprise/docs/jakartaee9-doc-api.jar" />
    <property name="jna.loaded" value="true" />
    <property name="libs.junit_5.maven-pom" value="" />
    <property name="libs.jpa20-persistence.javadoc" value="/Applications/NetBeans/Apache NetBeans 15.app/Contents/Resources/NetBeans/netbeans/java/modules/ext/docs/jakarta.persistence-2.2.3-doc.zip" />
    <property name="ant.junit.enabletestlistenerevents" value="true" />
    <property name="libs.JWSAntTasks.src" value="" />
    <property name="file.reference.mysql-connector-java-8.0.30.jar" value="../JAR FILE/mysql-connector-java-8.0.30.jar" />
    <property name="ant.home" value="/Applications/NetBeans/Apache NetBeans 15.app/Contents/Resources/NetBeans/netbeans/extide/ant" />
    <property name="libs.spring-webmvc3.0.src" value="" />
    <property name="debug.test.classpath" value="/Users/yanyanchen/Desktop/DiseaseControl/lib/absolutelayout/AbsoluteLayout.jar:..\..\..\..\jar\jxmapviewer2-2.6.jar:..\..\..\..\jar\jakarta.activation-1.2.1.jar:..\..\..\..\jar\jakarta.mail-1.6.7.jar:..\..\..\..\..\Downloads\jxbrowser-7.28.1-cross-desktop-win_mac_linux\lib\jxbrowser-7.28.1.jar:..\..\..\..\..\Downloads\jxbrowser-7.28.1-cross-desktop-win_mac_linux\lib\jxbrowser-javafx-7.28.1.jar:..\..\..\..\..\Downloads\jxbrowser-7.28.1-cross-desktop-win_mac_linux\lib\jxbrowser-swing-7.28.1.jar:..\..\..\..\mysql-connector-java-8.0.30.jar:..\..\..\..\jar\commons-logging-1.2-bin\commons-logging-1.2\commons-logging-1.2.jar:..\..\..\..\jar\itextpdf-5.4.0.jar:..\..\..\..\jar\jfreechart-1.0.19.jar:..\..\..\..\jar\jcommon-1.0.23.jar:..\..\..\..\jar\jcalendar-1.4.jar:../JAR FILE/commons-logging-1.2.jar:../JAR FILE/itextpdf-5.4.0.jar:../JAR FILE/jakarta.activation-1.2.1.jar:../JAR FILE/jakarta.mail-1.6.7.jar:../JAR FILE/jcalendar-1.4.jar:../JAR FILE/jcommon-1.0.23.jar:../JAR FILE/jfreechart-1.0.19.jar:../JAR FILE/jxbrowser-7.28.1.jar:../JAR FILE/jxbrowser-javafx-7.28.1.jar:../JAR FILE/jxbrowser-mac-7.28.1.jar:../JAR FILE/jxbrowser-mac-arm-7.28.1.jar:../JAR FILE/jxbrowser-swing-7.28.1.jar:../JAR FILE/jxbrowser-swt-7.28.1.jar:../JAR FILE/jxmapviewer2-2.6.jar:../JAR FILE/mysql-connector-java-8.0.30.jar:../../../../Desktop/JAR FILE/commons-logging-1.2.jar:../../../../Desktop/JAR FILE/itextpdf-5.4.0.jar:../../../../Desktop/JAR FILE/jakarta.activation-1.2.1.jar:../../../../Desktop/JAR FILE/jakarta.mail-1.6.7.jar:../../../../Desktop/JAR FILE/jcalendar-1.4.jar:../../../../Desktop/JAR FILE/jcommon-1.0.23.jar:../../../../Desktop/JAR FILE/jfreechart-1.0.19.jar:../../../../Desktop/JAR FILE/jxbrowser-7.28.1.jar:../../../../Desktop/JAR FILE/jxbrowser-javafx-7.28.1.jar:../../../../Desktop/JAR FILE/jxbrowser-mac-7.28.1.jar:../../../../Desktop/JAR FILE/jxbrowser-mac-arm-7.28.1.jar:../../../../Desktop/JAR FILE/jxbrowser-swing-7.28.1.jar:../../../../Desktop/JAR FILE/jxbrowser-swt-7.28.1.jar:../../../../Desktop/JAR FILE/jxmapviewer2-2.6.jar:../../../../Desktop/JAR FILE/mysql-connector-java-8.0.30.jar:build/classes:/Users/yanyanchen/Desktop/DiseaseControl/lib/junit_4-2/junit-4.13.2.jar:/Users/yanyanchen/Desktop/DiseaseControl/lib/hamcrest-2/hamcrest-core-1.3.jar:build/test/classes" />
    <property name="have.tests" value="true" />
    <property name="javac.external.vm" value="true" />
    <property name="testng.debug.mode" value="" />
    <property name="javac.target" value="18" />
    <property name="ant.version" value="Apache Ant(TM) version 1.10.8 compiled on May 10 2020" />
    <property name="libraries.dir" value="/Users/yanyanchen/Desktop/DiseaseControl/lib" />
    <property name="libs.absolutelayout.maven-pom" value="" />
    <property name="java.failonerror" value="true" />
    <property name="javac.modulepath" value="" />
    <property name="libs.spring-framework500.src" value="" />
    <property name="libs.javaee-api-6.0.src" value="" />
    <property name="user.properties.file" value="/Users/yanyanchen/Library/Application Support/NetBeans/15/build.properties" />
    <property name="javac.includes" value="ui/LoginTest.java" />
    <property name="netbeans.autoupdate.country" value="US" />
    <property name="java.class.path" value="/Users/yanyanchen/Desktop/DiseaseControl/lib/absolutelayout/AbsoluteLayout.jar:/Users/yanyanchen/Desktop/JAR FILE/commons-logging-1.2.jar:/Users/yanyanchen/Desktop/JAR FILE/itextpdf-5.4.0.jar:/Users/yanyanchen/Desktop/JAR FILE/jakarta.activation-1.2.1.jar:/Users/yanyanchen/Desktop/JAR FILE/jakarta.mail-1.6.7.jar:/Users/yanyanchen/Desktop/JAR FILE/jcalendar-1.4.jar:/Users/yanyanchen/Desktop/JAR FILE/jcommon-1.0.23.jar:/Users/yanyanchen/Desktop/JAR FILE/jfreechart-1.0.19.jar:/Users/yanyanchen/Desktop/JAR FILE/jxbrowser-7.28.1.jar:/Users/yanyanchen/Desktop/JAR FILE/jxbrowser-javafx-7.28.1.jar:/Users/yanyanchen/Desktop/JAR FILE/jxbrowser-mac-7.28.1.jar:/Users/yanyanchen/Desktop/JAR FILE/jxbrowser-mac-arm-7.28.1.jar:/Users/yanyanchen/Desktop/JAR FILE/jxbrowser-swing-7.28.1.jar:/Users/yanyanchen/Desktop/JAR FILE/jxbrowser-swt-7.28.1.jar:/Users/yanyanchen/Desktop/JAR FILE/jxmapviewer2-2.6.jar:/Users/yanyanchen/Desktop/JAR FILE/mysql-connector-java-8.0.30.jar:/Users/yanyanchen/Desktop/DiseaseControl/build/classes:/Users/yanyanchen/Desktop/DiseaseControl/lib/junit_4-2/junit-4.13.2.jar:/Users/yanyanchen/Desktop/DiseaseControl/lib/hamcrest-2/hamcrest-core-1.3.jar:/Users/yanyanchen/Desktop/DiseaseControl/build/test/classes:/Applications/NetBeans/Apache NetBeans 15.app/Contents/Resources/NetBeans/netbeans/extide/ant/lib/ant-launcher.jar:/Applications/NetBeans/Apache NetBeans 15.app/Contents/Resources/NetBeans/netbeans/extide/ant/lib/ant.jar:/Applications/NetBeans/Apache NetBeans 15.app/Contents/Resources/NetBeans/netbeans/extide/ant/lib/ant-junit.jar:/Applications/NetBeans/Apache NetBeans 15.app/Contents/Resources/NetBeans/netbeans/extide/ant/lib/ant-junit4.jar" />
    <property name="libs.javaee-web-api-6.0.maven-pom" value="" />
    <property name="java.vm.vendor" value="Oracle Corporation" />
    <property name="ap.supported.internal" value="true" />
    <property name="netbeans.home+have.tests" value="true" />
    <property name="file.reference.jfreechart-1.0.19.jar" value="..\..\..\..\jar\jfreechart-1.0.19.jar" />
    <property name="test.binaryexcludes" value="" />
    <property name="javac.compilerargs" value="" />
    <property name="libs.jstl.maven-pom" value="" />
    <property name="libs.jakartaee-web-api-8.0.src" value="" />
    <property name="sun.cpu.endian" value="little" />
    <property name="libs.junit_4.src" value="/Users/yanyanchen/Desktop/DiseaseControl/lib/junit_4-2/junit-4.13.2-sources.jar" />
    <property name="libs.jakartaee-api-9.0.src" value="" />
    <property name="user.language" value="en" />
    <property name="copylibs.rebase" value="true" />
    <property name="libs.javaee-web-api-6.0.src" value="" />
    <property name="maven.defaultProjectBuilder.disableGlobalModelCache" value="true" />
    <property name="javadoc.nonavbar" value="false" />
    <property name="libs.javaee-api-8.0.src" value="" />
    <property name="file.reference.itextpdf-5.4.0.jar-2" value="../../../../Desktop/JAR FILE/itextpdf-5.4.0.jar" />
    <property name="ant.java.version" value="18" />
    <property name="file.reference.itextpdf-5.4.0.jar-1" value="../JAR FILE/itextpdf-5.4.0.jar" />
    <property name="libs.junit_4.classpath" value="/Users/yanyanchen/Desktop/DiseaseControl/lib/junit_4-2/junit-4.13.2.jar" />
    <property name="libs.jakartaee-api-9.0.javadoc" value="/Applications/NetBeans/Apache NetBeans 15.app/Contents/Resources/NetBeans/netbeans/enterprise/docs/jakartaee9-doc-api.jar" />
    <property name="jlink.launcher.name" value="DiseaseControl" />
    <property name="test.binarytestincludes" value="" />
    <property name="apple.awt.application.name" value="JUnitTestRunner" />
    <property name="libs.junit_4.maven-pom" value="" />
    <property name="libs.spring-webmvc5.0.maven-pom" value="" />
    <property name="libs.jsp-compiler.maven-pom" value="" />
    <property name="runtime.encoding" value="UTF-8" />
    <property name="jlink.additionalmodules" value="" />
    <property name="javac.classpath" value="/Users/yanyanchen/Desktop/DiseaseControl/lib/absolutelayout/AbsoluteLayout.jar:..\..\..\..\jar\jxmapviewer2-2.6.jar:..\..\..\..\jar\jakarta.activation-1.2.1.jar:..\..\..\..\jar\jakarta.mail-1.6.7.jar:..\..\..\..\..\Downloads\jxbrowser-7.28.1-cross-desktop-win_mac_linux\lib\jxbrowser-7.28.1.jar:..\..\..\..\..\Downloads\jxbrowser-7.28.1-cross-desktop-win_mac_linux\lib\jxbrowser-javafx-7.28.1.jar:..\..\..\..\..\Downloads\jxbrowser-7.28.1-cross-desktop-win_mac_linux\lib\jxbrowser-swing-7.28.1.jar:..\..\..\..\mysql-connector-java-8.0.30.jar:..\..\..\..\jar\commons-logging-1.2-bin\commons-logging-1.2\commons-logging-1.2.jar:..\..\..\..\jar\itextpdf-5.4.0.jar:..\..\..\..\jar\jfreechart-1.0.19.jar:..\..\..\..\jar\jcommon-1.0.23.jar:..\..\..\..\jar\jcalendar-1.4.jar:../JAR FILE/commons-logging-1.2.jar:../JAR FILE/itextpdf-5.4.0.jar:../JAR FILE/jakarta.activation-1.2.1.jar:../JAR FILE/jakarta.mail-1.6.7.jar:../JAR FILE/jcalendar-1.4.jar:../JAR FILE/jcommon-1.0.23.jar:../JAR FILE/jfreechart-1.0.19.jar:../JAR FILE/jxbrowser-7.28.1.jar:../JAR FILE/jxbrowser-javafx-7.28.1.jar:../JAR FILE/jxbrowser-mac-7.28.1.jar:../JAR FILE/jxbrowser-mac-arm-7.28.1.jar:../JAR FILE/jxbrowser-swing-7.28.1.jar:../JAR FILE/jxbrowser-swt-7.28.1.jar:../JAR FILE/jxmapviewer2-2.6.jar:../JAR FILE/mysql-connector-java-8.0.30.jar:../../../../Desktop/JAR FILE/commons-logging-1.2.jar:../../../../Desktop/JAR FILE/itextpdf-5.4.0.jar:../../../../Desktop/JAR FILE/jakarta.activation-1.2.1.jar:../../../../Desktop/JAR FILE/jakarta.mail-1.6.7.jar:../../../../Desktop/JAR FILE/jcalendar-1.4.jar:../../../../Desktop/JAR FILE/jcommon-1.0.23.jar:../../../../Desktop/JAR FILE/jfreechart-1.0.19.jar:../../../../Desktop/JAR FILE/jxbrowser-7.28.1.jar:../../../../Desktop/JAR FILE/jxbrowser-javafx-7.28.1.jar:../../../../Desktop/JAR FILE/jxbrowser-mac-7.28.1.jar:../../../../Desktop/JAR FILE/jxbrowser-mac-arm-7.28.1.jar:../../../../Desktop/JAR FILE/jxbrowser-swing-7.28.1.jar:../../../../Desktop/JAR FILE/jxbrowser-swt-7.28.1.jar:../../../../Desktop/JAR FILE/jxmapviewer2-2.6.jar:../../../../Desktop/JAR FILE/mysql-connector-java-8.0.30.jar" />
    <property name="libs.jakartaee-web-api-8.0.classpath" value="/Applications/NetBeans/Apache NetBeans 15.app/Contents/Resources/NetBeans/netbeans/enterprise/modules/ext/jakarta.jakartaee-web-api-8.0.0.jar" />
    <property name="ftp.nonProxyHosts" value="local|*.local|169.254/16|*.169.254/16" />
    <property name="dist.jlink.dir" value="dist/jlink" />
    <property name="nb.junit.batch" value="true" />
    <property name="file.reference.jxbrowser-mac-7.28.1.jar" value="../JAR FILE/jxbrowser-mac-7.28.1.jar" />
    <property name="build.test.classes.dir" value="build/test/classes" />
    <property name="libs.spring-framework300.maven-pom" value="" />
    <property name="ant.project.invoked-targets" value="test-single" />
    <property name="file.reference.jxbrowser-swing-7.28.1.jar-1" value="../JAR FILE/jxbrowser-swing-7.28.1.jar" />
    <property name="file.reference.jxbrowser-swing-7.28.1.jar-2" value="../../../../Desktop/JAR FILE/jxbrowser-swing-7.28.1.jar" />
    <property name="file.reference.jcalendar-1.4.jar-1" value="../JAR FILE/jcalendar-1.4.jar" />
    <property name="libs.jstl.classpath" value="/Applications/NetBeans/Apache NetBeans 15.app/Contents/Resources/NetBeans/netbeans/enterprise/modules/ext/jstl-impl.jar:/Applications/NetBeans/Apache NetBeans 15.app/Contents/Resources/NetBeans/netbeans/enterprise/modules/ext/jstl-api.jar" />
    <property name="file.reference.jcalendar-1.4.jar-2" value="../../../../Desktop/JAR FILE/jcalendar-1.4.jar" />
    <property name="ap.cmd.line.internal" value="" />
    <property name="jna.platform.library.path" value="/usr/lib:/usr/lib" />
    <property name="libs.PostgreSQLDriver.src" value="" />
    <property name="java.vendor.url.bug" value="https://bugreport.java.com/bugreport/" />
    <property name="annotation.processing.source.output" value="build/generated-sources/ap-source-output" />
    <property name="libs.javaee-endorsed-api-6.0.maven-pom" value="" />
    <property name="user.dir" value="/Users/yanyanchen/Desktop/DiseaseControl" />
    <property name="platform.java" value="/Users/yanyanchen/Library/Java/JavaVirtualMachines/openjdk-18.0.2.1/Contents/Home/bin/java" />
    <property name="application.args" value="" />
    <property name="org.xml.sax.driver" value="com.sun.org.apache.xerces.internal.jaxp.SAXParserImpl$JAXPSAXParser" />
    <property name="libs.jakartaee-web-api-8.0.maven-pom" value="" />
    <property name="libs.eclipselink.src" value="" />
    <property name="java.vm.version" value="18.0.2.1+1-1" />
    <property name="libs.metro.javadoc" value="/Applications/NetBeans/Apache NetBeans 15.app/Contents/Resources/NetBeans/netbeans/enterprise/docs/webservices-api-javadoc.jar:/Applications/NetBeans/Apache NetBeans 15.app/Contents/Resources/NetBeans/netbeans/enterprise/docs/webservices-extra-javadoc.jar:/Applications/NetBeans/Apache NetBeans 15.app/Contents/Resources/NetBeans/netbeans/enterprise/docs/webservices-extra-api-javadoc.jar:/Applications/NetBeans/Apache NetBeans 15.app/Contents/Resources/NetBeans/netbeans/enterprise/docs/webservices-rt-javadoc.jar:/Applications/NetBeans/Apache NetBeans 15.app/Contents/Resources/NetBeans/netbeans/enterprise/docs/webservices-tools-javadoc.jar" />
    <property name="libs.jakartaee-web-api-9.0.src" value="" />
    <property name="sun.awt.datatransfer.timeout" value="1000" />
    <property name="test.class" value="ui.LoginTest" />
    <property name="annotation.processing.run.all.processors" value="true" />
    <property name="junit.forkmode" value="perTest" />
    <property name="libs.jakartaee-api-8.0.src" value="" />
    <property name="libs.javaee-web-api-7.0.src" value="" />
    <property name="libs.jsp-compiler.classpath" value="/Applications/NetBeans/Apache NetBeans 15.app/Contents/Resources/NetBeans/netbeans/enterprise/ant/extra/jspcompile.jar" />
    <property name="libs.javaee-endorsed-api-6.0.classpath" value="/Applications/NetBeans/Apache NetBeans 15.app/Contents/Resources/NetBeans/netbeans/enterprise/modules/ext/javaee6-endorsed/javax.annotation.jar:/Applications/NetBeans/Apache NetBeans 15.app/Contents/Resources/NetBeans/netbeans/enterprise/modules/ext/javaee6-endorsed/jaxb-api-osgi.jar:/Applications/NetBeans/Apache NetBeans 15.app/Contents/Resources/NetBeans/netbeans/enterprise/modules/ext/javaee6-endorsed/webservices-api-osgi.jar" />
  </properties>
  <testcase classname="ui.LoginTest" name="testValidateFields" time="0.701" />
  <testcase classname="ui.LoginTest" name="testClear" time="0.025" />
  <testcase classname="ui.LoginTest" name="testlogin" time="0.151" />
  <testcase classname="ui.LoginTest" name="testMain" time="0.019" />
  <testcase classname="ui.LoginTest" name="testSignup" time="6.275" />
  <system-out><![CDATA[validateFields
validate function test passed
clear
clear function test passed
main
Admin login test passed
Admin login test passed
main
main
All test passed
]]></system-out>
  <system-err><![CDATA[]]></system-err>
</testsuite>
